<?xml version="1.0" encoding="UTF-8"?>
<coverage generated="1531258864522" clover="3.2.0">
  <project timestamp="1531258864522" name="All files">
    <metrics statements="274" coveredstatements="247" conditionals="167" coveredconditionals="129" methods="75" coveredmethods="70" elements="516" coveredelements="446" complexity="0" loc="274" ncloc="274" packages="5" files="16" classes="16">
      <package name="button">
        <metrics statements="3" coveredstatements="3" conditionals="2" coveredconditionals="2" methods="1" coveredmethods="1"/>
        <file name="index.js" path="/Users/diana.suvorova/Dev/baseui/src/button/index.js">
          <metrics statements="3" coveredstatements="3" conditionals="2" coveredconditionals="2" methods="1" coveredmethods="1"/>
          <line num="11" count="1" type="stmt"/>
          <line num="12" count="1" type="stmt"/>
          <line num="17" count="1" type="stmt"/>
        </file>
      </package>
      <package name="popover">
        <metrics statements="229" coveredstatements="202" conditionals="163" coveredconditionals="125" methods="68" coveredmethods="63"/>
        <file name="constants.js" path="/Users/diana.suvorova/Dev/baseui/src/popover/constants.js">
          <metrics statements="6" coveredstatements="6" conditionals="0" coveredconditionals="0" methods="0" coveredmethods="0"/>
          <line num="3" count="5" type="stmt"/>
          <line num="5" count="5" type="stmt"/>
          <line num="7" count="5" type="stmt"/>
          <line num="23" count="5" type="stmt"/>
          <line num="28" count="5" type="stmt"/>
          <line num="33" count="5" type="stmt"/>
        </file>
        <file name="default-props.js" path="/Users/diana.suvorova/Dev/baseui/src/popover/default-props.js">
          <metrics statements="1" coveredstatements="1" conditionals="0" coveredconditionals="0" methods="0" coveredmethods="0"/>
          <line num="5" count="4" type="stmt"/>
        </file>
        <file name="index.js" path="/Users/diana.suvorova/Dev/baseui/src/popover/index.js">
          <metrics statements="0" coveredstatements="0" conditionals="0" coveredconditionals="0" methods="0" coveredmethods="0"/>
        </file>
        <file name="popover.js" path="/Users/diana.suvorova/Dev/baseui/src/popover/popover.js">
          <metrics statements="140" coveredstatements="114" conditionals="104" coveredconditionals="69" methods="38" coveredmethods="33"/>
          <line num="55" count="9" type="cond" truecount="2" falsecount="0"/>
          <line num="56" count="4" type="stmt"/>
          <line num="57" count="4" type="stmt"/>
          <line num="59" count="9" type="stmt"/>
          <line num="63" count="7" type="cond" truecount="2" falsecount="0"/>
          <line num="64" count="5" type="cond" truecount="1" falsecount="1"/>
          <line num="66" count="5" type="stmt"/>
          <line num="67" count="5" type="stmt"/>
          <line num="70" count="0" type="stmt"/>
          <line num="71" count="0" type="stmt"/>
          <line num="72" count="0" type="stmt"/>
          <line num="78" count="8" type="stmt"/>
          <line num="79" count="8" type="stmt"/>
          <line num="80" count="8" type="stmt"/>
          <line num="84" count="9" type="stmt"/>
          <line num="93" count="1" type="cond" truecount="1" falsecount="1"/>
          <line num="94" count="1" type="stmt"/>
          <line num="99" count="0" type="cond" truecount="0" falsecount="2"/>
          <line num="100" count="0" type="stmt"/>
          <line num="102" count="0" type="stmt"/>
          <line num="103" count="0" type="stmt"/>
          <line num="109" count="9" type="stmt"/>
          <line num="110" count="9" type="stmt"/>
          <line num="138" count="8" type="stmt"/>
          <line num="145" count="40" type="cond" truecount="2" falsecount="0"/>
          <line num="146" count="3" type="stmt"/>
          <line num="152" count="3" type="cond" truecount="1" falsecount="1"/>
          <line num="153" count="3" type="stmt"/>
          <line num="160" count="1" type="cond" truecount="1" falsecount="1"/>
          <line num="161" count="0" type="stmt"/>
          <line num="164" count="1" type="stmt"/>
          <line num="168" count="0" type="stmt"/>
          <line num="172" count="0" type="cond" truecount="0" falsecount="2"/>
          <line num="173" count="0" type="stmt"/>
          <line num="178" count="1" type="stmt"/>
          <line num="182" count="1" type="cond" truecount="3" falsecount="1"/>
          <line num="183" count="1" type="stmt"/>
          <line num="188" count="1" type="cond" truecount="1" falsecount="1"/>
          <line num="189" count="1" type="stmt"/>
          <line num="196" count="1" type="stmt"/>
          <line num="198" count="1" type="stmt"/>
          <line num="202" count="1" type="stmt"/>
          <line num="203" count="1" type="cond" truecount="1" falsecount="1"/>
          <line num="204" count="1" type="stmt"/>
          <line num="208" count="1" type="stmt"/>
          <line num="210" count="0" type="stmt"/>
          <line num="214" count="1" type="cond" truecount="1" falsecount="1"/>
          <line num="215" count="1" type="stmt"/>
          <line num="220" count="1" type="stmt"/>
          <line num="221" count="1" type="cond" truecount="1" falsecount="1"/>
          <line num="222" count="1" type="stmt"/>
          <line num="226" count="1" type="stmt"/>
          <line num="228" count="0" type="stmt"/>
          <line num="232" count="1" type="cond" truecount="1" falsecount="1"/>
          <line num="233" count="1" type="stmt"/>
          <line num="238" count="9" type="cond" truecount="1" falsecount="1"/>
          <line num="239" count="0" type="stmt"/>
          <line num="241" count="9" type="stmt"/>
          <line num="242" count="9" type="stmt"/>
          <line num="246" count="12" type="cond" truecount="1" falsecount="1"/>
          <line num="247" count="0" type="stmt"/>
          <line num="249" count="12" type="stmt"/>
          <line num="250" count="12" type="stmt"/>
          <line num="254" count="0" type="stmt"/>
          <line num="255" count="0" type="stmt"/>
          <line num="256" count="0" type="stmt"/>
          <line num="258" count="0" type="cond" truecount="0" falsecount="5"/>
          <line num="259" count="0" type="stmt"/>
          <line num="261" count="0" type="cond" truecount="0" falsecount="5"/>
          <line num="262" count="0" type="stmt"/>
          <line num="264" count="0" type="cond" truecount="0" falsecount="2"/>
          <line num="265" count="0" type="stmt"/>
          <line num="270" count="8" type="cond" truecount="1" falsecount="1"/>
          <line num="271" count="8" type="stmt"/>
          <line num="272" count="8" type="stmt"/>
          <line num="274" count="8" type="cond" truecount="2" falsecount="0"/>
          <line num="275" count="4" type="stmt"/>
          <line num="280" count="22" type="stmt"/>
          <line num="284" count="27" type="stmt"/>
          <line num="288" count="27" type="stmt"/>
          <line num="292" count="3" type="stmt"/>
          <line num="296" count="16" type="stmt"/>
          <line num="297" count="16" type="cond" truecount="2" falsecount="0"/>
          <line num="301" count="43" type="cond" truecount="3" falsecount="0"/>
          <line num="305" count="16" type="stmt"/>
          <line num="307" count="16" type="stmt"/>
          <line num="317" count="16" type="stmt"/>
          <line num="318" count="16" type="stmt"/>
          <line num="319" count="16" type="cond" truecount="2" falsecount="0"/>
          <line num="320" count="14" type="stmt"/>
          <line num="321" count="14" type="cond" truecount="2" falsecount="0"/>
          <line num="322" count="14" type="cond" truecount="2" falsecount="0"/>
          <line num="325" count="14" type="cond" truecount="2" falsecount="0"/>
          <line num="326" count="2" type="cond" truecount="1" falsecount="1"/>
          <line num="327" count="2" type="stmt"/>
          <line num="328" count="2" type="cond" truecount="2" falsecount="0"/>
          <line num="331" count="16" type="cond" truecount="2" falsecount="0"/>
          <line num="332" count="7" type="stmt"/>
          <line num="333" count="7" type="stmt"/>
          <line num="336" count="7" type="stmt"/>
          <line num="337" count="7" type="stmt"/>
          <line num="339" count="16" type="stmt"/>
          <line num="343" count="11" type="stmt"/>
          <line num="345" count="11" type="stmt"/>
          <line num="346" count="11" type="cond" truecount="2" falsecount="0"/>
          <line num="347" count="10" type="stmt"/>
          <line num="348" count="1" type="cond" truecount="1" falsecount="1"/>
          <line num="349" count="1" type="stmt"/>
          <line num="350" count="1" type="stmt"/>
          <line num="352" count="11" type="cond" truecount="2" falsecount="0"/>
          <line num="353" count="4" type="stmt"/>
          <line num="354" count="4" type="stmt"/>
          <line num="357" count="11" type="stmt"/>
          <line num="361" count="11" type="stmt"/>
          <line num="362" count="11" type="stmt"/>
          <line num="363" count="11" type="stmt"/>
          <line num="374" count="16" type="stmt"/>
          <line num="375" count="16" type="stmt"/>
          <line num="376" count="16" type="cond" truecount="1" falsecount="1"/>
          <line num="378" count="0" type="stmt"/>
          <line num="384" count="16" type="stmt"/>
          <line num="388" count="16" type="stmt"/>
          <line num="389" count="16" type="cond" truecount="1" falsecount="1"/>
          <line num="390" count="0" type="stmt"/>
          <line num="393" count="16" type="stmt"/>
          <line num="395" count="16" type="cond" truecount="2" falsecount="0"/>
          <line num="398" count="16" type="cond" truecount="4" falsecount="0"/>
          <line num="400" count="16" type="stmt"/>
          <line num="402" count="16" type="cond" truecount="4" falsecount="0"/>
          <line num="403" count="8" type="stmt"/>
          <line num="405" count="8" type="stmt"/>
          <line num="409" count="11" type="cond" truecount="0" falsecount="1"/>
          <line num="414" count="11" type="stmt"/>
          <line num="416" count="11" type="stmt"/>
          <line num="417" count="11" type="stmt"/>
          <line num="419" count="11" type="stmt"/>
          <line num="437" count="16" type="stmt"/>
          <line num="440" count="16" type="cond" truecount="5" falsecount="0"/>
          <line num="441" count="11" type="stmt"/>
          <line num="443" count="16" type="stmt"/>
        </file>
        <file name="stateful-container.js" path="/Users/diana.suvorova/Dev/baseui/src/popover/stateful-container.js">
          <metrics statements="35" coveredstatements="34" conditionals="12" coveredconditionals="11" methods="15" coveredmethods="15"/>
          <line num="13" count="9" type="stmt"/>
          <line num="32" count="1" type="stmt"/>
          <line num="36" count="6" type="cond" truecount="2" falsecount="0"/>
          <line num="37" count="2" type="stmt"/>
          <line num="39" count="4" type="stmt"/>
          <line num="44" count="1" type="stmt"/>
          <line num="48" count="1" type="stmt"/>
          <line num="52" count="1" type="stmt"/>
          <line num="56" count="1" type="stmt"/>
          <line num="60" count="1" type="stmt"/>
          <line num="64" count="1" type="stmt"/>
          <line num="68" count="6" type="stmt"/>
          <line num="74" count="7" type="stmt"/>
          <line num="80" count="13" type="stmt"/>
          <line num="81" count="13" type="cond" truecount="2" falsecount="0"/>
          <line num="82" count="1" type="stmt"/>
          <line num="83" count="1" type="stmt"/>
          <line num="85" count="12" type="stmt"/>
          <line num="99" count="1" type="stmt"/>
          <line num="100" count="1" type="cond" truecount="1" falsecount="1"/>
          <line num="101" count="1" type="stmt"/>
          <line num="103" count="0" type="stmt"/>
          <line num="117" count="24" type="stmt"/>
          <line num="119" count="24" type="stmt"/>
          <line num="131" count="24" type="cond" truecount="2" falsecount="0"/>
          <line num="132" count="23" type="stmt"/>
          <line num="134" count="24" type="cond" truecount="2" falsecount="0"/>
          <line num="135" count="23" type="stmt"/>
          <line num="137" count="24" type="cond" truecount="2" falsecount="0"/>
          <line num="138" count="7" type="stmt"/>
          <line num="139" count="7" type="stmt"/>
          <line num="140" count="7" type="stmt"/>
          <line num="141" count="7" type="stmt"/>
          <line num="143" count="17" type="stmt"/>
          <line num="146" count="24" type="stmt"/>
        </file>
        <file name="stateful-popover.js" path="/Users/diana.suvorova/Dev/baseui/src/popover/stateful-popover.js">
          <metrics statements="4" coveredstatements="4" conditionals="0" coveredconditionals="0" methods="2" coveredmethods="2"/>
          <line num="8" count="1" type="stmt"/>
          <line num="9" count="1" type="stmt"/>
          <line num="11" count="1" type="stmt"/>
          <line num="16" count="4" type="stmt"/>
        </file>
        <file name="styled-components.js" path="/Users/diana.suvorova/Dev/baseui/src/popover/styled-components.js">
          <metrics statements="10" coveredstatements="10" conditionals="12" coveredconditionals="10" methods="3" coveredmethods="3"/>
          <line num="18" count="4" type="stmt"/>
          <line num="20" count="4" type="stmt"/>
          <line num="25" count="4" type="stmt"/>
          <line num="33" count="4" type="stmt"/>
          <line num="42" count="12" type="stmt"/>
          <line num="44" count="12" type="stmt"/>
          <line num="75" count="4" type="stmt"/>
          <line num="76" count="1" type="stmt"/>
          <line num="94" count="11" type="stmt"/>
          <line num="108" count="4" type="stmt"/>
        </file>
        <file name="utils.js" path="/Users/diana.suvorova/Dev/baseui/src/popover/utils.js">
          <metrics statements="33" coveredstatements="33" conditionals="35" coveredconditionals="35" methods="10" coveredmethods="10"/>
          <line num="6" count="5" type="stmt"/>
          <line num="21" count="54" type="stmt"/>
          <line num="28" count="16" type="stmt"/>
          <line num="38" count="15" type="stmt"/>
          <line num="50" count="8" type="stmt"/>
          <line num="55" count="8" type="cond" truecount="2" falsecount="0"/>
          <line num="62" count="58" type="cond" truecount="2" falsecount="0"/>
          <line num="63" count="58" type="stmt"/>
          <line num="66" count="88" type="stmt"/>
          <line num="75" count="4" type="stmt"/>
          <line num="76" count="4" type="stmt"/>
          <line num="94" count="9" type="cond" truecount="4" falsecount="0"/>
          <line num="95" count="1" type="stmt"/>
          <line num="97" count="8" type="stmt"/>
          <line num="98" count="8" type="stmt"/>
          <line num="101" count="8" type="cond" truecount="4" falsecount="0"/>
          <line num="102" count="4" type="cond" truecount="2" falsecount="0"/>
          <line num="104" count="4" type="cond" truecount="2" falsecount="0"/>
          <line num="108" count="8" type="stmt"/>
          <line num="110" count="8" type="stmt"/>
          <line num="123" count="22" type="cond" truecount="1" falsecount="0"/>
          <line num="126" count="22" type="cond" truecount="4" falsecount="0"/>
          <line num="127" count="7" type="cond" truecount="2" falsecount="0"/>
          <line num="128" count="7" type="stmt"/>
          <line num="130" count="15" type="stmt"/>
          <line num="131" count="15" type="cond" truecount="2" falsecount="0"/>
          <line num="133" count="22" type="stmt"/>
          <line num="146" count="20" type="stmt"/>
          <line num="147" count="20" type="stmt"/>
          <line num="148" count="20" type="cond" truecount="2" falsecount="0"/>
          <line num="149" count="8" type="stmt"/>
          <line num="151" count="12" type="stmt"/>
          <line num="152" count="12" type="stmt"/>
        </file>
      </package>
      <package name="styles">
        <metrics statements="8" coveredstatements="8" conditionals="0" coveredconditionals="0" methods="5" coveredmethods="5"/>
        <file name="index.js" path="/Users/diana.suvorova/Dev/baseui/src/styles/index.js">
          <metrics statements="0" coveredstatements="0" conditionals="0" coveredconditionals="0" methods="0" coveredmethods="0"/>
        </file>
        <file name="styled.js" path="/Users/diana.suvorova/Dev/baseui/src/styles/styled.js">
          <metrics statements="4" coveredstatements="4" conditionals="0" coveredconditionals="0" methods="4" coveredmethods="4"/>
          <line num="8" count="2" type="stmt"/>
          <line num="10" count="2" type="stmt"/>
          <line num="11" count="2" type="stmt"/>
          <line num="12" count="2" type="stmt"/>
        </file>
        <file name="theme-provider.js" path="/Users/diana.suvorova/Dev/baseui/src/styles/theme-provider.js">
          <metrics statements="4" coveredstatements="4" conditionals="0" coveredconditionals="0" methods="1" coveredmethods="1"/>
          <line num="7" count="6" type="stmt"/>
          <line num="9" count="6" type="stmt"/>
          <line num="10" count="2" type="stmt"/>
          <line num="11" count="2" type="stmt"/>
        </file>
      </package>
      <package name="themes">
        <metrics statements="32" coveredstatements="32" conditionals="0" coveredconditionals="0" methods="0" coveredmethods="0"/>
        <file name="index.js" path="/Users/diana.suvorova/Dev/baseui/src/themes/index.js">
          <metrics statements="0" coveredstatements="0" conditionals="0" coveredconditionals="0" methods="0" coveredmethods="0"/>
        </file>
        <file name="light-theme.js" path="/Users/diana.suvorova/Dev/baseui/src/themes/light-theme.js">
          <metrics statements="32" coveredstatements="32" conditionals="0" coveredconditionals="0" methods="0" coveredmethods="0"/>
          <line num="3" count="6" type="stmt"/>
          <line num="4" count="6" type="stmt"/>
          <line num="5" count="6" type="stmt"/>
          <line num="6" count="6" type="stmt"/>
          <line num="7" count="6" type="stmt"/>
          <line num="8" count="6" type="stmt"/>
          <line num="9" count="6" type="stmt"/>
          <line num="10" count="6" type="stmt"/>
          <line num="11" count="6" type="stmt"/>
          <line num="12" count="6" type="stmt"/>
          <line num="13" count="6" type="stmt"/>
          <line num="14" count="6" type="stmt"/>
          <line num="15" count="6" type="stmt"/>
          <line num="16" count="6" type="stmt"/>
          <line num="17" count="6" type="stmt"/>
          <line num="18" count="6" type="stmt"/>
          <line num="19" count="6" type="stmt"/>
          <line num="20" count="6" type="stmt"/>
          <line num="21" count="6" type="stmt"/>
          <line num="22" count="6" type="stmt"/>
          <line num="23" count="6" type="stmt"/>
          <line num="24" count="6" type="stmt"/>
          <line num="25" count="6" type="stmt"/>
          <line num="26" count="6" type="stmt"/>
          <line num="27" count="6" type="stmt"/>
          <line num="28" count="6" type="stmt"/>
          <line num="29" count="6" type="stmt"/>
          <line num="30" count="6" type="stmt"/>
          <line num="31" count="6" type="stmt"/>
          <line num="32" count="6" type="stmt"/>
          <line num="33" count="6" type="stmt"/>
          <line num="36" count="6" type="stmt"/>
        </file>
      </package>
      <package name="utils">
        <metrics statements="2" coveredstatements="2" conditionals="2" coveredconditionals="2" methods="1" coveredmethods="1"/>
        <file name="get-bui-id.js" path="/Users/diana.suvorova/Dev/baseui/src/utils/get-bui-id.js">
          <metrics statements="2" coveredstatements="2" conditionals="0" coveredconditionals="0" methods="1" coveredmethods="1"/>
          <line num="25" count="4" type="stmt"/>
          <line num="28" count="9" type="stmt"/>
        </file>
        <file name="is-browser.js" path="/Users/diana.suvorova/Dev/baseui/src/utils/is-browser.js">
          <metrics statements="0" coveredstatements="0" conditionals="2" coveredconditionals="2" methods="0" coveredmethods="0"/>
        </file>
      </package>
    </metrics>
  </project>
</coverage>
