{
  "/Users/diana.suvorova/Dev/baseui/src/button/index.js": {
    "path": "/Users/diana.suvorova/Dev/baseui/src/button/index.js",
    "statementMap": {
      "0": {
        "start": {"line": 11, "column": 15},
        "end": {"line": 15, "column": 1}
      },
      "1": {
        "start": {"line": 12, "column": 2},
        "end": {"line": 14, "column": 11}
      },
      "2": {
        "start": {"line": 17, "column": 0},
        "end": {"line": 17, "column": 30}
      }
    },
    "fnMap": {
      "0": {
        "name": "(anonymous_0)",
        "decl": {
          "start": {"line": 11, "column": 15},
          "end": {"line": 11, "column": 16}
        },
        "loc": {
          "start": {"line": 12, "column": 2},
          "end": {"line": 14, "column": 11}
        },
        "line": 12
      }
    },
    "branchMap": {
      "0": {
        "loc": {
          "start": {"line": 13, "column": 5},
          "end": {"line": 13, "column": 34}
        },
        "type": "binary-expr",
        "locations": [
          {
            "start": {"line": 13, "column": 5},
            "end": {"line": 13, "column": 13}
          },
          {
            "start": {"line": 13, "column": 17},
            "end": {"line": 13, "column": 34}
          }
        ],
        "line": 13
      }
    },
    "s": {"0": 1, "1": 1, "2": 1},
    "f": {"0": 1},
    "b": {"0": [1, 1]},
    "_coverageSchema": "332fd63041d2c1bcb487cc26dd0d5f7d97098a6c",
    "hash": "4f2310c25ccd3b9b4d513c698f8e45aff9f5b478"
  },
  "/Users/diana.suvorova/Dev/baseui/src/popover/constants.js": {
    "path": "/Users/diana.suvorova/Dev/baseui/src/popover/constants.js",
    "statementMap": {
      "0": {
        "start": {"line": 3, "column": 26},
        "end": {"line": 3, "column": 27}
      },
      "1": {
        "start": {"line": 5, "column": 30},
        "end": {"line": 5, "column": 31}
      },
      "2": {
        "start": {"line": 7, "column": 25},
        "end": {"line": 21, "column": 1}
      },
      "3": {
        "start": {"line": 23, "column": 28},
        "end": {"line": 26, "column": 1}
      },
      "4": {
        "start": {"line": 28, "column": 33},
        "end": {"line": 31, "column": 1}
      },
      "5": {
        "start": {"line": 33, "column": 34},
        "end": {"line": 37, "column": 1}
      }
    },
    "fnMap": {},
    "branchMap": {},
    "s": {"0": 5, "1": 5, "2": 5, "3": 5, "4": 5, "5": 5},
    "f": {},
    "b": {},
    "_coverageSchema": "332fd63041d2c1bcb487cc26dd0d5f7d97098a6c",
    "hash": "ab7d0d599fa78e149b87cc43a49825b03af49de5"
  },
  "/Users/diana.suvorova/Dev/baseui/src/popover/default-props.js": {
    "path": "/Users/diana.suvorova/Dev/baseui/src/popover/default-props.js",
    "statementMap": {
      "0": {
        "start": {"line": 5, "column": 52},
        "end": {"line": 13, "column": 1}
      }
    },
    "fnMap": {},
    "branchMap": {},
    "s": {"0": 4},
    "f": {},
    "b": {},
    "_coverageSchema": "332fd63041d2c1bcb487cc26dd0d5f7d97098a6c",
    "hash": "3e8e8353e9846d99a55b000507da7d5195bb2581"
  },
  "/Users/diana.suvorova/Dev/baseui/src/popover/index.js": {
    "path": "/Users/diana.suvorova/Dev/baseui/src/popover/index.js",
    "statementMap": {},
    "fnMap": {},
    "branchMap": {},
    "s": {},
    "f": {},
    "b": {},
    "_coverageSchema": "332fd63041d2c1bcb487cc26dd0d5f7d97098a6c",
    "hash": "1e2c7a72c45763d28a0e102c4b652ff2b2372a4f"
  },
  "/Users/diana.suvorova/Dev/baseui/src/popover/popover.js": {
    "path": "/Users/diana.suvorova/Dev/baseui/src/popover/popover.js",
    "statementMap": {
      "0": {
        "start": {"line": 55, "column": 4},
        "end": {"line": 58, "column": 5}
      },
      "1": {
        "start": {"line": 56, "column": 6},
        "end": {"line": 56, "column": 30}
      },
      "2": {
        "start": {"line": 57, "column": 6},
        "end": {"line": 57, "column": 26}
      },
      "3": {
        "start": {"line": 59, "column": 4},
        "end": {"line": 59, "column": 34}
      },
      "4": {
        "start": {"line": 63, "column": 4},
        "end": {"line": 74, "column": 5}
      },
      "5": {
        "start": {"line": 64, "column": 6},
        "end": {"line": 73, "column": 7}
      },
      "6": {
        "start": {"line": 66, "column": 8},
        "end": {"line": 66, "column": 32}
      },
      "7": {
        "start": {"line": 67, "column": 8},
        "end": {"line": 67, "column": 28}
      },
      "8": {
        "start": {"line": 70, "column": 8},
        "end": {"line": 70, "column": 30}
      },
      "9": {
        "start": {"line": 71, "column": 8},
        "end": {"line": 71, "column": 31}
      },
      "10": {
        "start": {"line": 72, "column": 8},
        "end": {"line": 72, "column": 63}
      },
      "11": {
        "start": {"line": 78, "column": 4},
        "end": {"line": 78, "column": 26}
      },
      "12": {
        "start": {"line": 79, "column": 4},
        "end": {"line": 79, "column": 27}
      },
      "13": {
        "start": {"line": 80, "column": 4},
        "end": {"line": 80, "column": 23}
      },
      "14": {
        "start": {"line": 84, "column": 4},
        "end": {"line": 89, "column": 6}
      },
      "15": {
        "start": {"line": 93, "column": 4},
        "end": {"line": 95, "column": 5}
      },
      "16": {
        "start": {"line": 94, "column": 6},
        "end": {"line": 94, "column": 41}
      },
      "17": {
        "start": {"line": 99, "column": 4},
        "end": {"line": 105, "column": 5}
      },
      "18": {
        "start": {"line": 100, "column": 6},
        "end": {"line": 100, "column": 41}
      },
      "19": {
        "start": {"line": 102, "column": 6},
        "end": {"line": 104, "column": 14}
      },
      "20": {
        "start": {"line": 103, "column": 8},
        "end": {"line": 103, "column": 44}
      },
      "21": {
        "start": {"line": 109, "column": 24},
        "end": {"line": 109, "column": 34}
      },
      "22": {
        "start": {"line": 110, "column": 4},
        "end": {"line": 134, "column": 7}
      },
      "23": {
        "start": {"line": 138, "column": 4},
        "end": {"line": 148, "column": 7}
      },
      "24": {
        "start": {"line": 145, "column": 6},
        "end": {"line": 147, "column": 7}
      },
      "25": {
        "start": {"line": 146, "column": 8},
        "end": {"line": 146, "column": 30}
      },
      "26": {
        "start": {"line": 152, "column": 4},
        "end": {"line": 154, "column": 5}
      },
      "27": {
        "start": {"line": 153, "column": 6},
        "end": {"line": 153, "column": 28}
      },
      "28": {
        "start": {"line": 160, "column": 4},
        "end": {"line": 162, "column": 5}
      },
      "29": {
        "start": {"line": 161, "column": 6},
        "end": {"line": 161, "column": 43}
      },
      "30": {
        "start": {"line": 164, "column": 4},
        "end": {"line": 164, "column": 40}
      },
      "31": {
        "start": {"line": 168, "column": 4},
        "end": {"line": 168, "column": 40}
      },
      "32": {
        "start": {"line": 172, "column": 4},
        "end": {"line": 174, "column": 5}
      },
      "33": {
        "start": {"line": 173, "column": 6},
        "end": {"line": 173, "column": 43}
      },
      "34": {
        "start": {"line": 178, "column": 4},
        "end": {"line": 178, "column": 40}
      },
      "35": {
        "start": {"line": 182, "column": 4},
        "end": {"line": 184, "column": 5}
      },
      "36": {
        "start": {"line": 183, "column": 6},
        "end": {"line": 183, "column": 25}
      },
      "37": {
        "start": {"line": 188, "column": 22},
        "end": {"line": 188, "column": 74}
      },
      "38": {
        "start": {"line": 189, "column": 4},
        "end": {"line": 193, "column": 7}
      },
      "39": {
        "start": {"line": 196, "column": 4},
        "end": {"line": 196, "column": 57}
      },
      "40": {
        "start": {"line": 198, "column": 4},
        "end": {"line": 198, "column": 16}
      },
      "41": {
        "start": {"line": 202, "column": 32},
        "end": {"line": 202, "column": 42}
      },
      "42": {
        "start": {"line": 203, "column": 4},
        "end": {"line": 209, "column": 5}
      },
      "43": {
        "start": {"line": 204, "column": 6},
        "end": {"line": 207, "column": 8}
      },
      "44": {
        "start": {"line": 208, "column": 6},
        "end": {"line": 208, "column": 13}
      },
      "45": {
        "start": {"line": 210, "column": 4},
        "end": {"line": 210, "column": 31}
      },
      "46": {
        "start": {"line": 214, "column": 4},
        "end": {"line": 216, "column": 5}
      },
      "47": {
        "start": {"line": 215, "column": 6},
        "end": {"line": 215, "column": 32}
      },
      "48": {
        "start": {"line": 220, "column": 32},
        "end": {"line": 220, "column": 42}
      },
      "49": {
        "start": {"line": 221, "column": 4},
        "end": {"line": 227, "column": 5}
      },
      "50": {
        "start": {"line": 222, "column": 6},
        "end": {"line": 225, "column": 8}
      },
      "51": {
        "start": {"line": 226, "column": 6},
        "end": {"line": 226, "column": 13}
      },
      "52": {
        "start": {"line": 228, "column": 4},
        "end": {"line": 228, "column": 31}
      },
      "53": {
        "start": {"line": 232, "column": 4},
        "end": {"line": 234, "column": 5}
      },
      "54": {
        "start": {"line": 233, "column": 6},
        "end": {"line": 233, "column": 32}
      },
      "55": {
        "start": {"line": 238, "column": 4},
        "end": {"line": 240, "column": 5}
      },
      "56": {
        "start": {"line": 239, "column": 6},
        "end": {"line": 239, "column": 13}
      },
      "57": {
        "start": {"line": 241, "column": 4},
        "end": {"line": 241, "column": 65}
      },
      "58": {
        "start": {"line": 242, "column": 4},
        "end": {"line": 242, "column": 56}
      },
      "59": {
        "start": {"line": 246, "column": 4},
        "end": {"line": 248, "column": 5}
      },
      "60": {
        "start": {"line": 247, "column": 6},
        "end": {"line": 247, "column": 13}
      },
      "61": {
        "start": {"line": 249, "column": 4},
        "end": {"line": 249, "column": 68}
      },
      "62": {
        "start": {"line": 250, "column": 4},
        "end": {"line": 250, "column": 59}
      },
      "63": {
        "start": {"line": 254, "column": 19},
        "end": {"line": 254, "column": 29}
      },
      "64": {
        "start": {"line": 255, "column": 19},
        "end": {"line": 255, "column": 41}
      },
      "65": {
        "start": {"line": 256, "column": 19},
        "end": {"line": 256, "column": 41}
      },
      "66": {
        "start": {"line": 258, "column": 4},
        "end": {"line": 260, "column": 5}
      },
      "67": {
        "start": {"line": 259, "column": 6},
        "end": {"line": 259, "column": 13}
      },
      "68": {
        "start": {"line": 261, "column": 4},
        "end": {"line": 263, "column": 5}
      },
      "69": {
        "start": {"line": 262, "column": 6},
        "end": {"line": 262, "column": 13}
      },
      "70": {
        "start": {"line": 264, "column": 4},
        "end": {"line": 266, "column": 5}
      },
      "71": {
        "start": {"line": 265, "column": 6},
        "end": {"line": 265, "column": 34}
      },
      "72": {
        "start": {"line": 270, "column": 4},
        "end": {"line": 273, "column": 5}
      },
      "73": {
        "start": {"line": 271, "column": 6},
        "end": {"line": 271, "column": 28}
      },
      "74": {
        "start": {"line": 272, "column": 6},
        "end": {"line": 272, "column": 25}
      },
      "75": {
        "start": {"line": 274, "column": 4},
        "end": {"line": 276, "column": 5}
      },
      "76": {
        "start": {"line": 275, "column": 6},
        "end": {"line": 275, "column": 29}
      },
      "77": {
        "start": {"line": 280, "column": 4},
        "end": {"line": 280, "column": 57}
      },
      "78": {
        "start": {"line": 284, "column": 4},
        "end": {"line": 284, "column": 57}
      },
      "79": {
        "start": {"line": 288, "column": 4},
        "end": {"line": 288, "column": 68}
      },
      "80": {
        "start": {"line": 292, "column": 4},
        "end": {"line": 292, "column": 71}
      },
      "81": {
        "start": {"line": 296, "column": 22},
        "end": {"line": 296, "column": 45}
      },
      "82": {
        "start": {"line": 297, "column": 4},
        "end": {"line": 297, "column": 53}
      },
      "83": {
        "start": {"line": 301, "column": 4},
        "end": {"line": 301, "column": 53}
      },
      "84": {
        "start": {"line": 305, "column": 21},
        "end": {"line": 305, "column": 31}
      },
      "85": {
        "start": {"line": 307, "column": 38},
        "end": {"line": 315, "column": 5}
      },
      "86": {
        "start": {"line": 317, "column": 21},
        "end": {"line": 317, "column": 43}
      },
      "87": {
        "start": {"line": 318, "column": 22},
        "end": {"line": 318, "column": 45}
      },
      "88": {
        "start": {"line": 319, "column": 4},
        "end": {"line": 329, "column": 5}
      },
      "89": {
        "start": {"line": 320, "column": 6},
        "end": {"line": 320, "column": 44}
      },
      "90": {
        "start": {"line": 321, "column": 6},
        "end": {"line": 321, "column": 63}
      },
      "91": {
        "start": {"line": 322, "column": 27},
        "end": {"line": 324, "column": 21}
      },
      "92": {
        "start": {"line": 325, "column": 6},
        "end": {"line": 325, "column": 60}
      },
      "93": {
        "start": {"line": 326, "column": 11},
        "end": {"line": 329, "column": 5}
      },
      "94": {
        "start": {"line": 327, "column": 6},
        "end": {"line": 327, "column": 32}
      },
      "95": {
        "start": {"line": 328, "column": 6},
        "end": {"line": 328, "column": 66}
      },
      "96": {
        "start": {"line": 331, "column": 4},
        "end": {"line": 338, "column": 5}
      },
      "97": {
        "start": {"line": 332, "column": 6},
        "end": {"line": 332, "column": 57}
      },
      "98": {
        "start": {"line": 333, "column": 6},
        "end": {"line": 333, "column": 57}
      },
      "99": {
        "start": {"line": 336, "column": 6},
        "end": {"line": 336, "column": 45}
      },
      "100": {
        "start": {"line": 337, "column": 6},
        "end": {"line": 337, "column": 47}
      },
      "101": {
        "start": {"line": 339, "column": 4},
        "end": {"line": 339, "column": 23}
      },
      "102": {
        "start": {"line": 343, "column": 22},
        "end": {"line": 343, "column": 24}
      },
      "103": {
        "start": {"line": 345, "column": 22},
        "end": {"line": 345, "column": 45}
      },
      "104": {
        "start": {"line": 346, "column": 4},
        "end": {"line": 351, "column": 5}
      },
      "105": {
        "start": {"line": 347, "column": 6},
        "end": {"line": 347, "column": 31}
      },
      "106": {
        "start": {"line": 348, "column": 11},
        "end": {"line": 351, "column": 5}
      },
      "107": {
        "start": {"line": 349, "column": 6},
        "end": {"line": 349, "column": 31}
      },
      "108": {
        "start": {"line": 350, "column": 6},
        "end": {"line": 350, "column": 33}
      },
      "109": {
        "start": {"line": 352, "column": 4},
        "end": {"line": 355, "column": 5}
      },
      "110": {
        "start": {"line": 353, "column": 6},
        "end": {"line": 353, "column": 56}
      },
      "111": {
        "start": {"line": 354, "column": 6},
        "end": {"line": 354, "column": 56}
      },
      "112": {
        "start": {"line": 357, "column": 4},
        "end": {"line": 357, "column": 21}
      },
      "113": {
        "start": {"line": 361, "column": 32},
        "end": {"line": 361, "column": 42}
      },
      "114": {
        "start": {"line": 362, "column": 66},
        "end": {"line": 362, "column": 76}
      },
      "115": {
        "start": {"line": 363, "column": 4},
        "end": {"line": 370, "column": 6}
      },
      "116": {
        "start": {"line": 374, "column": 23},
        "end": {"line": 374, "column": 33}
      },
      "117": {
        "start": {"line": 375, "column": 38},
        "end": {"line": 375, "column": 70}
      },
      "118": {
        "start": {"line": 376, "column": 4},
        "end": {"line": 383, "column": 5}
      },
      "119": {
        "start": {"line": 378, "column": 6},
        "end": {"line": 382, "column": 8}
      },
      "120": {
        "start": {"line": 384, "column": 4},
        "end": {"line": 384, "column": 25}
      },
      "121": {
        "start": {"line": 388, "column": 19},
        "end": {"line": 388, "column": 47}
      },
      "122": {
        "start": {"line": 389, "column": 4},
        "end": {"line": 391, "column": 5}
      },
      "123": {
        "start": {"line": 390, "column": 6},
        "end": {"line": 390, "column": 18}
      },
      "124": {
        "start": {"line": 393, "column": 27},
        "end": {"line": 393, "column": 55}
      },
      "125": {
        "start": {"line": 395, "column": 6},
        "end": {"line": 395, "column": 67}
      },
      "126": {
        "start": {"line": 398, "column": 19},
        "end": {"line": 398, "column": 67}
      },
      "127": {
        "start": {"line": 400, "column": 24},
        "end": {"line": 400, "column": 51}
      },
      "128": {
        "start": {"line": 402, "column": 4},
        "end": {"line": 404, "column": 5}
      },
      "129": {
        "start": {"line": 403, "column": 6},
        "end": {"line": 403, "column": 53}
      },
      "130": {
        "start": {"line": 405, "column": 4},
        "end": {"line": 405, "column": 50}
      },
      "131": {
        "start": {"line": 409, "column": 50},
        "end": {"line": 409, "column": 60}
      },
      "132": {
        "start": {"line": 414, "column": 8},
        "end": {"line": 414, "column": 18}
      },
      "133": {
        "start": {"line": 416, "column": 24},
        "end": {"line": 416, "column": 45}
      },
      "134": {
        "start": {"line": 417, "column": 22},
        "end": {"line": 417, "column": 48}
      },
      "135": {
        "start": {"line": 419, "column": 4},
        "end": {"line": 433, "column": 6}
      },
      "136": {
        "start": {"line": 437, "column": 21},
        "end": {"line": 437, "column": 42}
      },
      "137": {
        "start": {"line": 440, "column": 4},
        "end": {"line": 442, "column": 5}
      },
      "138": {
        "start": {"line": 441, "column": 6},
        "end": {"line": 441, "column": 80}
      },
      "139": {
        "start": {"line": 443, "column": 4},
        "end": {"line": 443, "column": 20}
      }
    },
    "fnMap": {
      "0": {
        "name": "(anonymous_0)",
        "decl": {
          "start": {"line": 54, "column": 2},
          "end": {"line": 54, "column": 3}
        },
        "loc": {
          "start": {"line": 54, "column": 22},
          "end": {"line": 60, "column": 3}
        },
        "line": 54
      },
      "1": {
        "name": "(anonymous_1)",
        "decl": {
          "start": {"line": 62, "column": 2},
          "end": {"line": 62, "column": 3}
        },
        "loc": {
          "start": {"line": 62, "column": 47},
          "end": {"line": 75, "column": 3}
        },
        "line": 62
      },
      "2": {
        "name": "(anonymous_2)",
        "decl": {
          "start": {"line": 77, "column": 2},
          "end": {"line": 77, "column": 3}
        },
        "loc": {
          "start": {"line": 77, "column": 25},
          "end": {"line": 81, "column": 3}
        },
        "line": 77
      },
      "3": {
        "name": "(anonymous_3)",
        "decl": {
          "start": {"line": 83, "column": 2},
          "end": {"line": 83, "column": 3}
        },
        "loc": {
          "start": {"line": 83, "column": 40},
          "end": {"line": 90, "column": 3}
        },
        "line": 83
      },
      "4": {
        "name": "(anonymous_4)",
        "decl": {
          "start": {"line": 92, "column": 14},
          "end": {"line": 92, "column": 15}
        },
        "loc": {
          "start": {"line": 92, "column": 20},
          "end": {"line": 96, "column": 3}
        },
        "line": 92
      },
      "5": {
        "name": "(anonymous_5)",
        "decl": {
          "start": {"line": 98, "column": 15},
          "end": {"line": 98, "column": 16}
        },
        "loc": {
          "start": {"line": 98, "column": 21},
          "end": {"line": 106, "column": 3}
        },
        "line": 98
      },
      "6": {
        "name": "(anonymous_6)",
        "decl": {
          "start": {"line": 102, "column": 48},
          "end": {"line": 102, "column": 49}
        },
        "loc": {
          "start": {"line": 102, "column": 54},
          "end": {"line": 104, "column": 7}
        },
        "line": 102
      },
      "7": {
        "name": "(anonymous_7)",
        "decl": {
          "start": {"line": 108, "column": 2},
          "end": {"line": 108, "column": 3}
        },
        "loc": {
          "start": {"line": 108, "column": 21},
          "end": {"line": 135, "column": 3}
        },
        "line": 108
      },
      "8": {
        "name": "(anonymous_8)",
        "decl": {
          "start": {"line": 137, "column": 2},
          "end": {"line": 137, "column": 3}
        },
        "loc": {
          "start": {"line": 137, "column": 16},
          "end": {"line": 149, "column": 3}
        },
        "line": 137
      },
      "9": {
        "name": "(anonymous_9)",
        "decl": {
          "start": {"line": 144, "column": 14},
          "end": {"line": 144, "column": 15}
        },
        "loc": {
          "start": {"line": 144, "column": 25},
          "end": {"line": 148, "column": 5}
        },
        "line": 144
      },
      "10": {
        "name": "(anonymous_10)",
        "decl": {
          "start": {"line": 151, "column": 18},
          "end": {"line": 151, "column": 19}
        },
        "loc": {
          "start": {"line": 151, "column": 32},
          "end": {"line": 155, "column": 3}
        },
        "line": 151
      },
      "11": {
        "name": "(anonymous_11)",
        "decl": {
          "start": {"line": 157, "column": 23},
          "end": {"line": 157, "column": 24}
        },
        "loc": {
          "start": {"line": 157, "column": 29},
          "end": {"line": 165, "column": 3}
        },
        "line": 157
      },
      "12": {
        "name": "(anonymous_12)",
        "decl": {
          "start": {"line": 167, "column": 23},
          "end": {"line": 167, "column": 24}
        },
        "loc": {
          "start": {"line": 167, "column": 29},
          "end": {"line": 169, "column": 3}
        },
        "line": 167
      },
      "13": {
        "name": "(anonymous_13)",
        "decl": {
          "start": {"line": 171, "column": 24},
          "end": {"line": 171, "column": 25}
        },
        "loc": {
          "start": {"line": 171, "column": 30},
          "end": {"line": 175, "column": 3}
        },
        "line": 171
      },
      "14": {
        "name": "(anonymous_14)",
        "decl": {
          "start": {"line": 177, "column": 24},
          "end": {"line": 177, "column": 25}
        },
        "loc": {
          "start": {"line": 177, "column": 30},
          "end": {"line": 179, "column": 3}
        },
        "line": 177
      },
      "15": {
        "name": "(anonymous_15)",
        "decl": {
          "start": {"line": 181, "column": 15},
          "end": {"line": 181, "column": 16}
        },
        "loc": {
          "start": {"line": 181, "column": 39},
          "end": {"line": 185, "column": 3}
        },
        "line": 181
      },
      "16": {
        "name": "(anonymous_16)",
        "decl": {
          "start": {"line": 187, "column": 19},
          "end": {"line": 187, "column": 20}
        },
        "loc": {
          "start": {"line": 187, "column": 48},
          "end": {"line": 199, "column": 3}
        },
        "line": 187
      },
      "17": {
        "name": "(anonymous_17)",
        "decl": {
          "start": {"line": 201, "column": 2},
          "end": {"line": 201, "column": 3}
        },
        "loc": {
          "start": {"line": 201, "column": 33},
          "end": {"line": 211, "column": 3}
        },
        "line": 201
      },
      "18": {
        "name": "(anonymous_18)",
        "decl": {
          "start": {"line": 213, "column": 24},
          "end": {"line": 213, "column": 25}
        },
        "loc": {
          "start": {"line": 213, "column": 30},
          "end": {"line": 217, "column": 3}
        },
        "line": 213
      },
      "19": {
        "name": "(anonymous_19)",
        "decl": {
          "start": {"line": 219, "column": 2},
          "end": {"line": 219, "column": 3}
        },
        "loc": {
          "start": {"line": 219, "column": 33},
          "end": {"line": 229, "column": 3}
        },
        "line": 219
      },
      "20": {
        "name": "(anonymous_20)",
        "decl": {
          "start": {"line": 231, "column": 24},
          "end": {"line": 231, "column": 25}
        },
        "loc": {
          "start": {"line": 231, "column": 30},
          "end": {"line": 235, "column": 3}
        },
        "line": 231
      },
      "21": {
        "name": "(anonymous_21)",
        "decl": {
          "start": {"line": 237, "column": 2},
          "end": {"line": 237, "column": 3}
        },
        "loc": {
          "start": {"line": 237, "column": 17},
          "end": {"line": 243, "column": 3}
        },
        "line": 237
      },
      "22": {
        "name": "(anonymous_22)",
        "decl": {
          "start": {"line": 245, "column": 2},
          "end": {"line": 245, "column": 3}
        },
        "loc": {
          "start": {"line": 245, "column": 20},
          "end": {"line": 251, "column": 3}
        },
        "line": 245
      },
      "23": {
        "name": "(anonymous_23)",
        "decl": {
          "start": {"line": 253, "column": 20},
          "end": {"line": 253, "column": 21}
        },
        "loc": {
          "start": {"line": 253, "column": 41},
          "end": {"line": 267, "column": 3}
        },
        "line": 253
      },
      "24": {
        "name": "(anonymous_24)",
        "decl": {
          "start": {"line": 269, "column": 2},
          "end": {"line": 269, "column": 3}
        },
        "loc": {
          "start": {"line": 269, "column": 19},
          "end": {"line": 277, "column": 3}
        },
        "line": 269
      },
      "25": {
        "name": "(anonymous_25)",
        "decl": {
          "start": {"line": 279, "column": 2},
          "end": {"line": 279, "column": 3}
        },
        "loc": {
          "start": {"line": 279, "column": 19},
          "end": {"line": 281, "column": 3}
        },
        "line": 279
      },
      "26": {
        "name": "(anonymous_26)",
        "decl": {
          "start": {"line": 283, "column": 2},
          "end": {"line": 283, "column": 3}
        },
        "loc": {
          "start": {"line": 283, "column": 19},
          "end": {"line": 285, "column": 3}
        },
        "line": 283
      },
      "27": {
        "name": "(anonymous_27)",
        "decl": {
          "start": {"line": 287, "column": 2},
          "end": {"line": 287, "column": 3}
        },
        "loc": {
          "start": {"line": 287, "column": 27},
          "end": {"line": 289, "column": 3}
        },
        "line": 287
      },
      "28": {
        "name": "(anonymous_28)",
        "decl": {
          "start": {"line": 291, "column": 2},
          "end": {"line": 291, "column": 3}
        },
        "loc": {
          "start": {"line": 291, "column": 30},
          "end": {"line": 293, "column": 3}
        },
        "line": 291
      },
      "29": {
        "name": "(anonymous_29)",
        "decl": {
          "start": {"line": 295, "column": 2},
          "end": {"line": 295, "column": 3}
        },
        "loc": {
          "start": {"line": 295, "column": 20},
          "end": {"line": 298, "column": 3}
        },
        "line": 295
      },
      "30": {
        "name": "(anonymous_30)",
        "decl": {
          "start": {"line": 300, "column": 2},
          "end": {"line": 300, "column": 3}
        },
        "loc": {
          "start": {"line": 300, "column": 21},
          "end": {"line": 302, "column": 3}
        },
        "line": 300
      },
      "31": {
        "name": "(anonymous_31)",
        "decl": {
          "start": {"line": 304, "column": 2},
          "end": {"line": 304, "column": 3}
        },
        "loc": {
          "start": {"line": 304, "column": 41},
          "end": {"line": 340, "column": 3}
        },
        "line": 304
      },
      "32": {
        "name": "(anonymous_32)",
        "decl": {
          "start": {"line": 342, "column": 2},
          "end": {"line": 342, "column": 3}
        },
        "loc": {
          "start": {"line": 342, "column": 24},
          "end": {"line": 358, "column": 3}
        },
        "line": 342
      },
      "33": {
        "name": "(anonymous_33)",
        "decl": {
          "start": {"line": 360, "column": 2},
          "end": {"line": 360, "column": 3}
        },
        "loc": {
          "start": {"line": 360, "column": 19},
          "end": {"line": 371, "column": 3}
        },
        "line": 360
      },
      "34": {
        "name": "(anonymous_34)",
        "decl": {
          "start": {"line": 373, "column": 2},
          "end": {"line": 373, "column": 3}
        },
        "loc": {
          "start": {"line": 373, "column": 26},
          "end": {"line": 385, "column": 3}
        },
        "line": 373
      },
      "35": {
        "name": "(anonymous_35)",
        "decl": {
          "start": {"line": 387, "column": 2},
          "end": {"line": 387, "column": 3}
        },
        "loc": {
          "start": {"line": 387, "column": 17},
          "end": {"line": 406, "column": 3}
        },
        "line": 387
      },
      "36": {
        "name": "(anonymous_36)",
        "decl": {
          "start": {"line": 408, "column": 2},
          "end": {"line": 408, "column": 3}
        },
        "loc": {
          "start": {"line": 408, "column": 18},
          "end": {"line": 434, "column": 3}
        },
        "line": 408
      },
      "37": {
        "name": "(anonymous_37)",
        "decl": {
          "start": {"line": 436, "column": 2},
          "end": {"line": 436, "column": 3}
        },
        "loc": {
          "start": {"line": 436, "column": 11},
          "end": {"line": 444, "column": 3}
        },
        "line": 436
      }
    },
    "branchMap": {
      "0": {
        "loc": {
          "start": {"line": 55, "column": 4},
          "end": {"line": 58, "column": 5}
        },
        "type": "if",
        "locations": [
          {
            "start": {"line": 55, "column": 4},
            "end": {"line": 58, "column": 5}
          },
          {"start": {"line": 55, "column": 4}, "end": {"line": 58, "column": 5}}
        ],
        "line": 55
      },
      "1": {
        "loc": {
          "start": {"line": 63, "column": 4},
          "end": {"line": 74, "column": 5}
        },
        "type": "if",
        "locations": [
          {
            "start": {"line": 63, "column": 4},
            "end": {"line": 74, "column": 5}
          },
          {"start": {"line": 63, "column": 4}, "end": {"line": 74, "column": 5}}
        ],
        "line": 63
      },
      "2": {
        "loc": {
          "start": {"line": 64, "column": 6},
          "end": {"line": 73, "column": 7}
        },
        "type": "if",
        "locations": [
          {
            "start": {"line": 64, "column": 6},
            "end": {"line": 73, "column": 7}
          },
          {"start": {"line": 64, "column": 6}, "end": {"line": 73, "column": 7}}
        ],
        "line": 64
      },
      "3": {
        "loc": {
          "start": {"line": 93, "column": 4},
          "end": {"line": 95, "column": 5}
        },
        "type": "if",
        "locations": [
          {
            "start": {"line": 93, "column": 4},
            "end": {"line": 95, "column": 5}
          },
          {"start": {"line": 93, "column": 4}, "end": {"line": 95, "column": 5}}
        ],
        "line": 93
      },
      "4": {
        "loc": {
          "start": {"line": 99, "column": 4},
          "end": {"line": 105, "column": 5}
        },
        "type": "if",
        "locations": [
          {
            "start": {"line": 99, "column": 4},
            "end": {"line": 105, "column": 5}
          },
          {
            "start": {"line": 99, "column": 4},
            "end": {"line": 105, "column": 5}
          }
        ],
        "line": 99
      },
      "5": {
        "loc": {
          "start": {"line": 145, "column": 6},
          "end": {"line": 147, "column": 7}
        },
        "type": "if",
        "locations": [
          {
            "start": {"line": 145, "column": 6},
            "end": {"line": 147, "column": 7}
          },
          {
            "start": {"line": 145, "column": 6},
            "end": {"line": 147, "column": 7}
          }
        ],
        "line": 145
      },
      "6": {
        "loc": {
          "start": {"line": 152, "column": 4},
          "end": {"line": 154, "column": 5}
        },
        "type": "if",
        "locations": [
          {
            "start": {"line": 152, "column": 4},
            "end": {"line": 154, "column": 5}
          },
          {
            "start": {"line": 152, "column": 4},
            "end": {"line": 154, "column": 5}
          }
        ],
        "line": 152
      },
      "7": {
        "loc": {
          "start": {"line": 160, "column": 4},
          "end": {"line": 162, "column": 5}
        },
        "type": "if",
        "locations": [
          {
            "start": {"line": 160, "column": 4},
            "end": {"line": 162, "column": 5}
          },
          {
            "start": {"line": 160, "column": 4},
            "end": {"line": 162, "column": 5}
          }
        ],
        "line": 160
      },
      "8": {
        "loc": {
          "start": {"line": 172, "column": 4},
          "end": {"line": 174, "column": 5}
        },
        "type": "if",
        "locations": [
          {
            "start": {"line": 172, "column": 4},
            "end": {"line": 174, "column": 5}
          },
          {
            "start": {"line": 172, "column": 4},
            "end": {"line": 174, "column": 5}
          }
        ],
        "line": 172
      },
      "9": {
        "loc": {
          "start": {"line": 182, "column": 4},
          "end": {"line": 184, "column": 5}
        },
        "type": "if",
        "locations": [
          {
            "start": {"line": 182, "column": 4},
            "end": {"line": 184, "column": 5}
          },
          {
            "start": {"line": 182, "column": 4},
            "end": {"line": 184, "column": 5}
          }
        ],
        "line": 182
      },
      "10": {
        "loc": {
          "start": {"line": 182, "column": 8},
          "end": {"line": 182, "column": 48}
        },
        "type": "binary-expr",
        "locations": [
          {
            "start": {"line": 182, "column": 8},
            "end": {"line": 182, "column": 28}
          },
          {
            "start": {"line": 182, "column": 32},
            "end": {"line": 182, "column": 48}
          }
        ],
        "line": 182
      },
      "11": {
        "loc": {
          "start": {"line": 188, "column": 22},
          "end": {"line": 188, "column": 74}
        },
        "type": "binary-expr",
        "locations": [
          {
            "start": {"line": 188, "column": 22},
            "end": {"line": 188, "column": 57}
          },
          {
            "start": {"line": 188, "column": 61},
            "end": {"line": 188, "column": 74}
          }
        ],
        "line": 188
      },
      "12": {
        "loc": {
          "start": {"line": 203, "column": 4},
          "end": {"line": 209, "column": 5}
        },
        "type": "if",
        "locations": [
          {
            "start": {"line": 203, "column": 4},
            "end": {"line": 209, "column": 5}
          },
          {
            "start": {"line": 203, "column": 4},
            "end": {"line": 209, "column": 5}
          }
        ],
        "line": 203
      },
      "13": {
        "loc": {
          "start": {"line": 214, "column": 4},
          "end": {"line": 216, "column": 5}
        },
        "type": "if",
        "locations": [
          {
            "start": {"line": 214, "column": 4},
            "end": {"line": 216, "column": 5}
          },
          {
            "start": {"line": 214, "column": 4},
            "end": {"line": 216, "column": 5}
          }
        ],
        "line": 214
      },
      "14": {
        "loc": {
          "start": {"line": 221, "column": 4},
          "end": {"line": 227, "column": 5}
        },
        "type": "if",
        "locations": [
          {
            "start": {"line": 221, "column": 4},
            "end": {"line": 227, "column": 5}
          },
          {
            "start": {"line": 221, "column": 4},
            "end": {"line": 227, "column": 5}
          }
        ],
        "line": 221
      },
      "15": {
        "loc": {
          "start": {"line": 232, "column": 4},
          "end": {"line": 234, "column": 5}
        },
        "type": "if",
        "locations": [
          {
            "start": {"line": 232, "column": 4},
            "end": {"line": 234, "column": 5}
          },
          {
            "start": {"line": 232, "column": 4},
            "end": {"line": 234, "column": 5}
          }
        ],
        "line": 232
      },
      "16": {
        "loc": {
          "start": {"line": 238, "column": 4},
          "end": {"line": 240, "column": 5}
        },
        "type": "if",
        "locations": [
          {
            "start": {"line": 238, "column": 4},
            "end": {"line": 240, "column": 5}
          },
          {
            "start": {"line": 238, "column": 4},
            "end": {"line": 240, "column": 5}
          }
        ],
        "line": 238
      },
      "17": {
        "loc": {
          "start": {"line": 246, "column": 4},
          "end": {"line": 248, "column": 5}
        },
        "type": "if",
        "locations": [
          {
            "start": {"line": 246, "column": 4},
            "end": {"line": 248, "column": 5}
          },
          {
            "start": {"line": 246, "column": 4},
            "end": {"line": 248, "column": 5}
          }
        ],
        "line": 246
      },
      "18": {
        "loc": {
          "start": {"line": 258, "column": 4},
          "end": {"line": 260, "column": 5}
        },
        "type": "if",
        "locations": [
          {
            "start": {"line": 258, "column": 4},
            "end": {"line": 260, "column": 5}
          },
          {
            "start": {"line": 258, "column": 4},
            "end": {"line": 260, "column": 5}
          }
        ],
        "line": 258
      },
      "19": {
        "loc": {
          "start": {"line": 258, "column": 8},
          "end": {"line": 258, "column": 63}
        },
        "type": "binary-expr",
        "locations": [
          {
            "start": {"line": 258, "column": 8},
            "end": {"line": 258, "column": 15}
          },
          {
            "start": {"line": 258, "column": 19},
            "end": {"line": 258, "column": 36}
          },
          {
            "start": {"line": 258, "column": 40},
            "end": {"line": 258, "column": 63}
          }
        ],
        "line": 258
      },
      "20": {
        "loc": {
          "start": {"line": 261, "column": 4},
          "end": {"line": 263, "column": 5}
        },
        "type": "if",
        "locations": [
          {
            "start": {"line": 261, "column": 4},
            "end": {"line": 263, "column": 5}
          },
          {
            "start": {"line": 261, "column": 4},
            "end": {"line": 263, "column": 5}
          }
        ],
        "line": 261
      },
      "21": {
        "loc": {
          "start": {"line": 261, "column": 8},
          "end": {"line": 261, "column": 63}
        },
        "type": "binary-expr",
        "locations": [
          {
            "start": {"line": 261, "column": 8},
            "end": {"line": 261, "column": 15}
          },
          {
            "start": {"line": 261, "column": 19},
            "end": {"line": 261, "column": 36}
          },
          {
            "start": {"line": 261, "column": 40},
            "end": {"line": 261, "column": 63}
          }
        ],
        "line": 261
      },
      "22": {
        "loc": {
          "start": {"line": 264, "column": 4},
          "end": {"line": 266, "column": 5}
        },
        "type": "if",
        "locations": [
          {
            "start": {"line": 264, "column": 4},
            "end": {"line": 266, "column": 5}
          },
          {
            "start": {"line": 264, "column": 4},
            "end": {"line": 266, "column": 5}
          }
        ],
        "line": 264
      },
      "23": {
        "loc": {
          "start": {"line": 270, "column": 4},
          "end": {"line": 273, "column": 5}
        },
        "type": "if",
        "locations": [
          {
            "start": {"line": 270, "column": 4},
            "end": {"line": 273, "column": 5}
          },
          {
            "start": {"line": 270, "column": 4},
            "end": {"line": 273, "column": 5}
          }
        ],
        "line": 270
      },
      "24": {
        "loc": {
          "start": {"line": 274, "column": 4},
          "end": {"line": 276, "column": 5}
        },
        "type": "if",
        "locations": [
          {
            "start": {"line": 274, "column": 4},
            "end": {"line": 276, "column": 5}
          },
          {
            "start": {"line": 274, "column": 4},
            "end": {"line": 276, "column": 5}
          }
        ],
        "line": 274
      },
      "25": {
        "loc": {
          "start": {"line": 297, "column": 11},
          "end": {"line": 297, "column": 52}
        },
        "type": "cond-expr",
        "locations": [
          {
            "start": {"line": 297, "column": 23},
            "end": {"line": 297, "column": 45}
          },
          {
            "start": {"line": 297, "column": 48},
            "end": {"line": 297, "column": 52}
          }
        ],
        "line": 297
      },
      "26": {
        "loc": {
          "start": {"line": 301, "column": 11},
          "end": {"line": 301, "column": 52}
        },
        "type": "binary-expr",
        "locations": [
          {
            "start": {"line": 301, "column": 11},
            "end": {"line": 301, "column": 24}
          },
          {
            "start": {"line": 301, "column": 28},
            "end": {"line": 301, "column": 44}
          },
          {
            "start": {"line": 301, "column": 48},
            "end": {"line": 301, "column": 52}
          }
        ],
        "line": 301
      },
      "27": {
        "loc": {
          "start": {"line": 319, "column": 4},
          "end": {"line": 329, "column": 5}
        },
        "type": "if",
        "locations": [
          {
            "start": {"line": 319, "column": 4},
            "end": {"line": 329, "column": 5}
          },
          {
            "start": {"line": 319, "column": 4},
            "end": {"line": 329, "column": 5}
          }
        ],
        "line": 319
      },
      "28": {
        "loc": {
          "start": {"line": 321, "column": 37},
          "end": {"line": 321, "column": 62}
        },
        "type": "cond-expr",
        "locations": [
          {
            "start": {"line": 321, "column": 46},
            "end": {"line": 321, "column": 52}
          },
          {
            "start": {"line": 321, "column": 55},
            "end": {"line": 321, "column": 62}
          }
        ],
        "line": 321
      },
      "29": {
        "loc": {
          "start": {"line": 322, "column": 27},
          "end": {"line": 324, "column": 21}
        },
        "type": "cond-expr",
        "locations": [
          {
            "start": {"line": 323, "column": 10},
            "end": {"line": 323, "column": 25}
          },
          {
            "start": {"line": 324, "column": 10},
            "end": {"line": 324, "column": 21}
          }
        ],
        "line": 322
      },
      "30": {
        "loc": {
          "start": {"line": 325, "column": 34},
          "end": {"line": 325, "column": 59}
        },
        "type": "cond-expr",
        "locations": [
          {
            "start": {"line": 325, "column": 43},
            "end": {"line": 325, "column": 52}
          },
          {
            "start": {"line": 325, "column": 55},
            "end": {"line": 325, "column": 59}
          }
        ],
        "line": 325
      },
      "31": {
        "loc": {
          "start": {"line": 326, "column": 11},
          "end": {"line": 329, "column": 5}
        },
        "type": "if",
        "locations": [
          {
            "start": {"line": 326, "column": 11},
            "end": {"line": 329, "column": 5}
          },
          {
            "start": {"line": 326, "column": 11},
            "end": {"line": 329, "column": 5}
          }
        ],
        "line": 326
      },
      "32": {
        "loc": {
          "start": {"line": 328, "column": 40},
          "end": {"line": 328, "column": 65}
        },
        "type": "cond-expr",
        "locations": [
          {
            "start": {"line": 328, "column": 49},
            "end": {"line": 328, "column": 58}
          },
          {
            "start": {"line": 328, "column": 61},
            "end": {"line": 328, "column": 65}
          }
        ],
        "line": 328
      },
      "33": {
        "loc": {
          "start": {"line": 331, "column": 4},
          "end": {"line": 338, "column": 5}
        },
        "type": "if",
        "locations": [
          {
            "start": {"line": 331, "column": 4},
            "end": {"line": 338, "column": 5}
          },
          {
            "start": {"line": 331, "column": 4},
            "end": {"line": 338, "column": 5}
          }
        ],
        "line": 331
      },
      "34": {
        "loc": {
          "start": {"line": 346, "column": 4},
          "end": {"line": 351, "column": 5}
        },
        "type": "if",
        "locations": [
          {
            "start": {"line": 346, "column": 4},
            "end": {"line": 351, "column": 5}
          },
          {
            "start": {"line": 346, "column": 4},
            "end": {"line": 351, "column": 5}
          }
        ],
        "line": 346
      },
      "35": {
        "loc": {
          "start": {"line": 348, "column": 11},
          "end": {"line": 351, "column": 5}
        },
        "type": "if",
        "locations": [
          {
            "start": {"line": 348, "column": 11},
            "end": {"line": 351, "column": 5}
          },
          {
            "start": {"line": 348, "column": 11},
            "end": {"line": 351, "column": 5}
          }
        ],
        "line": 348
      },
      "36": {
        "loc": {
          "start": {"line": 352, "column": 4},
          "end": {"line": 355, "column": 5}
        },
        "type": "if",
        "locations": [
          {
            "start": {"line": 352, "column": 4},
            "end": {"line": 355, "column": 5}
          },
          {
            "start": {"line": 352, "column": 4},
            "end": {"line": 355, "column": 5}
          }
        ],
        "line": 352
      },
      "37": {
        "loc": {
          "start": {"line": 376, "column": 4},
          "end": {"line": 383, "column": 5}
        },
        "type": "if",
        "locations": [
          {
            "start": {"line": 376, "column": 4},
            "end": {"line": 383, "column": 5}
          },
          {
            "start": {"line": 376, "column": 4},
            "end": {"line": 383, "column": 5}
          }
        ],
        "line": 376
      },
      "38": {
        "loc": {
          "start": {"line": 389, "column": 4},
          "end": {"line": 391, "column": 5}
        },
        "type": "if",
        "locations": [
          {
            "start": {"line": 389, "column": 4},
            "end": {"line": 391, "column": 5}
          },
          {
            "start": {"line": 389, "column": 4},
            "end": {"line": 391, "column": 5}
          }
        ],
        "line": 389
      },
      "39": {
        "loc": {
          "start": {"line": 395, "column": 6},
          "end": {"line": 395, "column": 67}
        },
        "type": "binary-expr",
        "locations": [
          {
            "start": {"line": 395, "column": 6},
            "end": {"line": 395, "column": 32}
          },
          {
            "start": {"line": 395, "column": 36},
            "end": {"line": 395, "column": 67}
          }
        ],
        "line": 395
      },
      "40": {
        "loc": {
          "start": {"line": 398, "column": 19},
          "end": {"line": 398, "column": 67}
        },
        "type": "cond-expr",
        "locations": [
          {
            "start": {"line": 398, "column": 53},
            "end": {"line": 398, "column": 59}
          },
          {
            "start": {"line": 398, "column": 62},
            "end": {"line": 398, "column": 67}
          }
        ],
        "line": 398
      },
      "41": {
        "loc": {
          "start": {"line": 398, "column": 19},
          "end": {"line": 398, "column": 50}
        },
        "type": "binary-expr",
        "locations": [
          {
            "start": {"line": 398, "column": 19},
            "end": {"line": 398, "column": 33}
          },
          {
            "start": {"line": 398, "column": 37},
            "end": {"line": 398, "column": 50}
          }
        ],
        "line": 398
      },
      "42": {
        "loc": {
          "start": {"line": 402, "column": 4},
          "end": {"line": 404, "column": 5}
        },
        "type": "if",
        "locations": [
          {
            "start": {"line": 402, "column": 4},
            "end": {"line": 404, "column": 5}
          },
          {
            "start": {"line": 402, "column": 4},
            "end": {"line": 404, "column": 5}
          }
        ],
        "line": 402
      },
      "43": {
        "loc": {
          "start": {"line": 402, "column": 8},
          "end": {"line": 402, "column": 52}
        },
        "type": "binary-expr",
        "locations": [
          {
            "start": {"line": 402, "column": 8},
            "end": {"line": 402, "column": 34}
          },
          {
            "start": {"line": 402, "column": 38},
            "end": {"line": 402, "column": 52}
          }
        ],
        "line": 402
      },
      "44": {
        "loc": {
          "start": {"line": 409, "column": 22},
          "end": {"line": 409, "column": 37}
        },
        "type": "default-arg",
        "locations": [
          {
            "start": {"line": 409, "column": 35},
            "end": {"line": 409, "column": 37}
          }
        ],
        "line": 409
      },
      "45": {
        "loc": {
          "start": {"line": 411, "column": 6},
          "end": {"line": 411, "column": 25}
        },
        "type": "default-arg",
        "locations": [
          {
            "start": {"line": 411, "column": 14},
            "end": {"line": 411, "column": 25}
          }
        ],
        "line": 411
      },
      "46": {
        "loc": {
          "start": {"line": 412, "column": 6},
          "end": {"line": 412, "column": 23}
        },
        "type": "default-arg",
        "locations": [
          {
            "start": {"line": 412, "column": 13},
            "end": {"line": 412, "column": 23}
          }
        ],
        "line": 412
      },
      "47": {
        "loc": {
          "start": {"line": 413, "column": 6},
          "end": {"line": 413, "column": 25}
        },
        "type": "default-arg",
        "locations": [
          {
            "start": {"line": 413, "column": 14},
            "end": {"line": 413, "column": 25}
          }
        ],
        "line": 413
      },
      "48": {
        "loc": {
          "start": {"line": 426, "column": 9},
          "end": {"line": 428, "column": 16}
        },
        "type": "cond-expr",
        "locations": [
          {
            "start": {"line": 427, "column": 10},
            "end": {"line": 427, "column": 77}
          },
          {
            "start": {"line": 428, "column": 12},
            "end": {"line": 428, "column": 16}
          }
        ],
        "line": 426
      },
      "49": {
        "loc": {
          "start": {"line": 430, "column": 11},
          "end": {"line": 430, "column": 62}
        },
        "type": "cond-expr",
        "locations": [
          {
            "start": {"line": 430, "column": 43},
            "end": {"line": 430, "column": 52}
          },
          {
            "start": {"line": 430, "column": 55},
            "end": {"line": 430, "column": 62}
          }
        ],
        "line": 430
      },
      "50": {
        "loc": {
          "start": {"line": 440, "column": 4},
          "end": {"line": 442, "column": 5}
        },
        "type": "if",
        "locations": [
          {
            "start": {"line": 440, "column": 4},
            "end": {"line": 442, "column": 5}
          },
          {
            "start": {"line": 440, "column": 4},
            "end": {"line": 442, "column": 5}
          }
        ],
        "line": 440
      },
      "51": {
        "loc": {
          "start": {"line": 440, "column": 8},
          "end": {"line": 440, "column": 66}
        },
        "type": "binary-expr",
        "locations": [
          {
            "start": {"line": 440, "column": 8},
            "end": {"line": 440, "column": 17}
          },
          {
            "start": {"line": 440, "column": 22},
            "end": {"line": 440, "column": 39}
          },
          {
            "start": {"line": 440, "column": 43},
            "end": {"line": 440, "column": 65}
          }
        ],
        "line": 440
      }
    },
    "s": {
      "0": 9,
      "1": 4,
      "2": 4,
      "3": 9,
      "4": 7,
      "5": 5,
      "6": 5,
      "7": 5,
      "8": 0,
      "9": 0,
      "10": 0,
      "11": 8,
      "12": 8,
      "13": 8,
      "14": 9,
      "15": 1,
      "16": 1,
      "17": 0,
      "18": 0,
      "19": 0,
      "20": 0,
      "21": 9,
      "22": 9,
      "23": 8,
      "24": 40,
      "25": 3,
      "26": 3,
      "27": 3,
      "28": 1,
      "29": 0,
      "30": 1,
      "31": 0,
      "32": 0,
      "33": 0,
      "34": 1,
      "35": 1,
      "36": 1,
      "37": 1,
      "38": 1,
      "39": 1,
      "40": 1,
      "41": 1,
      "42": 1,
      "43": 1,
      "44": 1,
      "45": 0,
      "46": 1,
      "47": 1,
      "48": 1,
      "49": 1,
      "50": 1,
      "51": 1,
      "52": 0,
      "53": 1,
      "54": 1,
      "55": 9,
      "56": 0,
      "57": 9,
      "58": 9,
      "59": 12,
      "60": 0,
      "61": 12,
      "62": 12,
      "63": 0,
      "64": 0,
      "65": 0,
      "66": 0,
      "67": 0,
      "68": 0,
      "69": 0,
      "70": 0,
      "71": 0,
      "72": 8,
      "73": 8,
      "74": 8,
      "75": 8,
      "76": 4,
      "77": 22,
      "78": 27,
      "79": 27,
      "80": 3,
      "81": 16,
      "82": 16,
      "83": 43,
      "84": 16,
      "85": 16,
      "86": 16,
      "87": 16,
      "88": 16,
      "89": 14,
      "90": 14,
      "91": 14,
      "92": 14,
      "93": 2,
      "94": 2,
      "95": 2,
      "96": 16,
      "97": 7,
      "98": 7,
      "99": 7,
      "100": 7,
      "101": 16,
      "102": 11,
      "103": 11,
      "104": 11,
      "105": 10,
      "106": 1,
      "107": 1,
      "108": 1,
      "109": 11,
      "110": 4,
      "111": 4,
      "112": 11,
      "113": 11,
      "114": 11,
      "115": 11,
      "116": 16,
      "117": 16,
      "118": 16,
      "119": 0,
      "120": 16,
      "121": 16,
      "122": 16,
      "123": 0,
      "124": 16,
      "125": 16,
      "126": 16,
      "127": 16,
      "128": 16,
      "129": 8,
      "130": 8,
      "131": 11,
      "132": 11,
      "133": 11,
      "134": 11,
      "135": 11,
      "136": 16,
      "137": 16,
      "138": 11,
      "139": 16
    },
    "f": {
      "0": 9,
      "1": 7,
      "2": 8,
      "3": 9,
      "4": 1,
      "5": 0,
      "6": 0,
      "7": 9,
      "8": 8,
      "9": 40,
      "10": 3,
      "11": 1,
      "12": 0,
      "13": 0,
      "14": 1,
      "15": 1,
      "16": 1,
      "17": 1,
      "18": 1,
      "19": 1,
      "20": 1,
      "21": 9,
      "22": 12,
      "23": 0,
      "24": 8,
      "25": 22,
      "26": 27,
      "27": 27,
      "28": 3,
      "29": 16,
      "30": 43,
      "31": 16,
      "32": 11,
      "33": 11,
      "34": 16,
      "35": 16,
      "36": 11,
      "37": 16
    },
    "b": {
      "0": [4, 5],
      "1": [5, 2],
      "2": [5, 0],
      "3": [1, 0],
      "4": [0, 0],
      "5": [3, 37],
      "6": [3, 0],
      "7": [0, 1],
      "8": [0, 0],
      "9": [1, 0],
      "10": [1, 1],
      "11": [1, 0],
      "12": [1, 0],
      "13": [1, 0],
      "14": [1, 0],
      "15": [1, 0],
      "16": [0, 9],
      "17": [0, 12],
      "18": [0, 0],
      "19": [0, 0, 0],
      "20": [0, 0],
      "21": [0, 0, 0],
      "22": [0, 0],
      "23": [8, 0],
      "24": [4, 4],
      "25": [10, 6],
      "26": [43, 28, 16],
      "27": [14, 2],
      "28": [10, 4],
      "29": [9, 5],
      "30": [10, 4],
      "31": [2, 0],
      "32": [1, 1],
      "33": [7, 9],
      "34": [10, 1],
      "35": [1, 0],
      "36": [4, 7],
      "37": [0, 16],
      "38": [0, 16],
      "39": [16, 8],
      "40": [1, 15],
      "41": [16, 8],
      "42": [8, 8],
      "43": [16, 8],
      "44": [0],
      "45": [10],
      "46": [10],
      "47": [10],
      "48": [1, 10],
      "49": [0, 11],
      "50": [11, 5],
      "51": [16, 16, 5]
    },
    "_coverageSchema": "332fd63041d2c1bcb487cc26dd0d5f7d97098a6c",
    "hash": "3ecc9e79974b34c2a9e1e6478eb709f1095dd1d8"
  },
  "/Users/diana.suvorova/Dev/baseui/src/popover/stateful-container.js": {
    "path":
      "/Users/diana.suvorova/Dev/baseui/src/popover/stateful-container.js",
    "statementMap": {
      "0": {
        "start": {"line": 13, "column": 43},
        "end": {"line": 13, "column": 73}
      },
      "1": {
        "start": {"line": 13, "column": 64},
        "end": {"line": 13, "column": 73}
      },
      "2": {
        "start": {"line": 32, "column": 4},
        "end": {"line": 32, "column": 17}
      },
      "3": {
        "start": {"line": 36, "column": 4},
        "end": {"line": 40, "column": 5}
      },
      "4": {
        "start": {"line": 37, "column": 6},
        "end": {"line": 37, "column": 19}
      },
      "5": {
        "start": {"line": 39, "column": 6},
        "end": {"line": 39, "column": 18}
      },
      "6": {
        "start": {"line": 44, "column": 4},
        "end": {"line": 44, "column": 17}
      },
      "7": {
        "start": {"line": 48, "column": 4},
        "end": {"line": 48, "column": 17}
      },
      "8": {
        "start": {"line": 52, "column": 4},
        "end": {"line": 52, "column": 16}
      },
      "9": {
        "start": {"line": 56, "column": 4},
        "end": {"line": 56, "column": 16}
      },
      "10": {
        "start": {"line": 60, "column": 4},
        "end": {"line": 60, "column": 17}
      },
      "11": {
        "start": {"line": 64, "column": 4},
        "end": {"line": 64, "column": 17}
      },
      "12": {
        "start": {"line": 68, "column": 4},
        "end": {"line": 70, "column": 7}
      },
      "13": {
        "start": {"line": 74, "column": 4},
        "end": {"line": 76, "column": 7}
      },
      "14": {
        "start": {"line": 80, "column": 27},
        "end": {"line": 80, "column": 37}
      },
      "15": {
        "start": {"line": 81, "column": 4},
        "end": {"line": 84, "column": 5}
      },
      "16": {
        "start": {"line": 82, "column": 6},
        "end": {"line": 82, "column": 29}
      },
      "17": {
        "start": {"line": 83, "column": 6},
        "end": {"line": 83, "column": 13}
      },
      "18": {
        "start": {"line": 85, "column": 4},
        "end": {"line": 85, "column": 71}
      },
      "19": {
        "start": {"line": 85, "column": 31},
        "end": {"line": 85, "column": 69}
      },
      "20": {
        "start": {"line": 99, "column": 22},
        "end": {"line": 99, "column": 32}
      },
      "21": {
        "start": {"line": 100, "column": 4},
        "end": {"line": 102, "column": 5}
      },
      "22": {
        "start": {"line": 101, "column": 6},
        "end": {"line": 101, "column": 51}
      },
      "23": {
        "start": {"line": 103, "column": 4},
        "end": {"line": 103, "column": 19}
      },
      "24": {
        "start": {"line": 117, "column": 8},
        "end": {"line": 117, "column": 18}
      },
      "25": {
        "start": {"line": 119, "column": 55},
        "end": {"line": 129, "column": 5}
      },
      "26": {
        "start": {"line": 131, "column": 4},
        "end": {"line": 133, "column": 5}
      },
      "27": {
        "start": {"line": 132, "column": 6},
        "end": {"line": 132, "column": 56}
      },
      "28": {
        "start": {"line": 134, "column": 4},
        "end": {"line": 136, "column": 5}
      },
      "29": {
        "start": {"line": 135, "column": 6},
        "end": {"line": 135, "column": 38}
      },
      "30": {
        "start": {"line": 137, "column": 4},
        "end": {"line": 144, "column": 5}
      },
      "31": {
        "start": {"line": 138, "column": 6},
        "end": {"line": 138, "column": 40}
      },
      "32": {
        "start": {"line": 139, "column": 6},
        "end": {"line": 139, "column": 42}
      },
      "33": {
        "start": {"line": 140, "column": 6},
        "end": {"line": 140, "column": 52}
      },
      "34": {
        "start": {"line": 141, "column": 6},
        "end": {"line": 141, "column": 52}
      },
      "35": {
        "start": {"line": 143, "column": 6},
        "end": {"line": 143, "column": 42}
      },
      "36": {
        "start": {"line": 146, "column": 4},
        "end": {"line": 146, "column": 45}
      }
    },
    "fnMap": {
      "0": {
        "name": "(anonymous_0)",
        "decl": {
          "start": {"line": 13, "column": 43},
          "end": {"line": 13, "column": 44}
        },
        "loc": {
          "start": {"line": 13, "column": 64},
          "end": {"line": 13, "column": 73}
        },
        "line": 13
      },
      "1": {
        "name": "(anonymous_1)",
        "decl": {
          "start": {"line": 31, "column": 11},
          "end": {"line": 31, "column": 12}
        },
        "loc": {
          "start": {"line": 31, "column": 17},
          "end": {"line": 33, "column": 3}
        },
        "line": 31
      },
      "2": {
        "name": "(anonymous_2)",
        "decl": {
          "start": {"line": 35, "column": 12},
          "end": {"line": 35, "column": 13}
        },
        "loc": {
          "start": {"line": 35, "column": 18},
          "end": {"line": 41, "column": 3}
        },
        "line": 35
      },
      "3": {
        "name": "(anonymous_3)",
        "decl": {
          "start": {"line": 43, "column": 19},
          "end": {"line": 43, "column": 20}
        },
        "loc": {
          "start": {"line": 43, "column": 25},
          "end": {"line": 45, "column": 3}
        },
        "line": 43
      },
      "4": {
        "name": "(anonymous_4)",
        "decl": {
          "start": {"line": 47, "column": 10},
          "end": {"line": 47, "column": 11}
        },
        "loc": {
          "start": {"line": 47, "column": 16},
          "end": {"line": 49, "column": 3}
        },
        "line": 47
      },
      "5": {
        "name": "(anonymous_5)",
        "decl": {
          "start": {"line": 51, "column": 12},
          "end": {"line": 51, "column": 13}
        },
        "loc": {
          "start": {"line": 51, "column": 18},
          "end": {"line": 53, "column": 3}
        },
        "line": 51
      },
      "6": {
        "name": "(anonymous_6)",
        "decl": {
          "start": {"line": 55, "column": 17},
          "end": {"line": 55, "column": 18}
        },
        "loc": {
          "start": {"line": 55, "column": 23},
          "end": {"line": 57, "column": 3}
        },
        "line": 55
      },
      "7": {
        "name": "(anonymous_7)",
        "decl": {
          "start": {"line": 59, "column": 17},
          "end": {"line": 59, "column": 18}
        },
        "loc": {
          "start": {"line": 59, "column": 23},
          "end": {"line": 61, "column": 3}
        },
        "line": 59
      },
      "8": {
        "name": "(anonymous_8)",
        "decl": {
          "start": {"line": 63, "column": 19},
          "end": {"line": 63, "column": 20}
        },
        "loc": {
          "start": {"line": 63, "column": 25},
          "end": {"line": 65, "column": 3}
        },
        "line": 63
      },
      "9": {
        "name": "(anonymous_9)",
        "decl": {
          "start": {"line": 67, "column": 2},
          "end": {"line": 67, "column": 3}
        },
        "loc": {
          "start": {"line": 67, "column": 9},
          "end": {"line": 71, "column": 3}
        },
        "line": 67
      },
      "10": {
        "name": "(anonymous_10)",
        "decl": {
          "start": {"line": 73, "column": 2},
          "end": {"line": 73, "column": 3}
        },
        "loc": {
          "start": {"line": 73, "column": 10},
          "end": {"line": 77, "column": 3}
        },
        "line": 73
      },
      "11": {
        "name": "(anonymous_11)",
        "decl": {
          "start": {"line": 79, "column": 2},
          "end": {"line": 79, "column": 3}
        },
        "loc": {
          "start": {"line": 79, "column": 60},
          "end": {"line": 86, "column": 3}
        },
        "line": 79
      },
      "12": {
        "name": "(anonymous_12)",
        "decl": {
          "start": {"line": 85, "column": 18},
          "end": {"line": 85, "column": 19}
        },
        "loc": {
          "start": {"line": 85, "column": 31},
          "end": {"line": 85, "column": 69}
        },
        "line": 85
      },
      "13": {
        "name": "(anonymous_13)",
        "decl": {
          "start": {"line": 98, "column": 18},
          "end": {"line": 98, "column": 19}
        },
        "loc": {
          "start": {"line": 98, "column": 24},
          "end": {"line": 104, "column": 3}
        },
        "line": 98
      },
      "14": {
        "name": "(anonymous_14)",
        "decl": {
          "start": {"line": 106, "column": 2},
          "end": {"line": 106, "column": 3}
        },
        "loc": {
          "start": {"line": 106, "column": 11},
          "end": {"line": 147, "column": 3}
        },
        "line": 106
      }
    },
    "branchMap": {
      "0": {
        "loc": {
          "start": {"line": 36, "column": 4},
          "end": {"line": 40, "column": 5}
        },
        "type": "if",
        "locations": [
          {
            "start": {"line": 36, "column": 4},
            "end": {"line": 40, "column": 5}
          },
          {"start": {"line": 36, "column": 4}, "end": {"line": 40, "column": 5}}
        ],
        "line": 36
      },
      "1": {
        "loc": {
          "start": {"line": 81, "column": 4},
          "end": {"line": 84, "column": 5}
        },
        "type": "if",
        "locations": [
          {
            "start": {"line": 81, "column": 4},
            "end": {"line": 84, "column": 5}
          },
          {"start": {"line": 81, "column": 4}, "end": {"line": 84, "column": 5}}
        ],
        "line": 81
      },
      "2": {
        "loc": {
          "start": {"line": 100, "column": 4},
          "end": {"line": 102, "column": 5}
        },
        "type": "if",
        "locations": [
          {
            "start": {"line": 100, "column": 4},
            "end": {"line": 102, "column": 5}
          },
          {
            "start": {"line": 100, "column": 4},
            "end": {"line": 102, "column": 5}
          }
        ],
        "line": 100
      },
      "3": {
        "loc": {
          "start": {"line": 131, "column": 4},
          "end": {"line": 133, "column": 5}
        },
        "type": "if",
        "locations": [
          {
            "start": {"line": 131, "column": 4},
            "end": {"line": 133, "column": 5}
          },
          {
            "start": {"line": 131, "column": 4},
            "end": {"line": 133, "column": 5}
          }
        ],
        "line": 131
      },
      "4": {
        "loc": {
          "start": {"line": 134, "column": 4},
          "end": {"line": 136, "column": 5}
        },
        "type": "if",
        "locations": [
          {
            "start": {"line": 134, "column": 4},
            "end": {"line": 136, "column": 5}
          },
          {
            "start": {"line": 134, "column": 4},
            "end": {"line": 136, "column": 5}
          }
        ],
        "line": 134
      },
      "5": {
        "loc": {
          "start": {"line": 137, "column": 4},
          "end": {"line": 144, "column": 5}
        },
        "type": "if",
        "locations": [
          {
            "start": {"line": 137, "column": 4},
            "end": {"line": 144, "column": 5}
          },
          {
            "start": {"line": 137, "column": 4},
            "end": {"line": 144, "column": 5}
          }
        ],
        "line": 137
      }
    },
    "s": {
      "0": 4,
      "1": 9,
      "2": 1,
      "3": 6,
      "4": 2,
      "5": 4,
      "6": 1,
      "7": 1,
      "8": 1,
      "9": 1,
      "10": 1,
      "11": 1,
      "12": 6,
      "13": 7,
      "14": 13,
      "15": 13,
      "16": 1,
      "17": 1,
      "18": 12,
      "19": 12,
      "20": 1,
      "21": 1,
      "22": 1,
      "23": 0,
      "24": 24,
      "25": 24,
      "26": 24,
      "27": 23,
      "28": 24,
      "29": 23,
      "30": 24,
      "31": 7,
      "32": 7,
      "33": 7,
      "34": 7,
      "35": 17,
      "36": 24
    },
    "f": {
      "0": 9,
      "1": 1,
      "2": 6,
      "3": 1,
      "4": 1,
      "5": 1,
      "6": 1,
      "7": 1,
      "8": 1,
      "9": 6,
      "10": 7,
      "11": 13,
      "12": 12,
      "13": 1,
      "14": 24
    },
    "b": {
      "0": [2, 4],
      "1": [1, 12],
      "2": [1, 0],
      "3": [23, 1],
      "4": [23, 1],
      "5": [7, 17]
    },
    "_coverageSchema": "332fd63041d2c1bcb487cc26dd0d5f7d97098a6c",
    "hash": "dea352985a1d09b0618c224f19f0683e92d8a166"
  },
  "/Users/diana.suvorova/Dev/baseui/src/popover/stateful-popover.js": {
    "path": "/Users/diana.suvorova/Dev/baseui/src/popover/stateful-popover.js",
    "statementMap": {
      "0": {
        "start": {"line": 8, "column": 35},
        "end": {"line": 8, "column": 40}
      },
      "1": {
        "start": {"line": 9, "column": 2},
        "end": {"line": 13, "column": 4}
      },
      "2": {
        "start": {"line": 11, "column": 23},
        "end": {"line": 11, "column": 70}
      },
      "3": {
        "start": {"line": 16, "column": 0},
        "end": {"line": 16, "column": 62}
      }
    },
    "fnMap": {
      "0": {
        "name": "StatefulPopover",
        "decl": {
          "start": {"line": 7, "column": 9},
          "end": {"line": 7, "column": 24}
        },
        "loc": {
          "start": {"line": 7, "column": 55},
          "end": {"line": 14, "column": 1}
        },
        "line": 7
      },
      "1": {
        "name": "(anonymous_1)",
        "decl": {
          "start": {"line": 11, "column": 7},
          "end": {"line": 11, "column": 8}
        },
        "loc": {
          "start": {"line": 11, "column": 23},
          "end": {"line": 11, "column": 70}
        },
        "line": 11
      }
    },
    "branchMap": {},
    "s": {"0": 1, "1": 1, "2": 1, "3": 4},
    "f": {"0": 1, "1": 1},
    "b": {},
    "_coverageSchema": "332fd63041d2c1bcb487cc26dd0d5f7d97098a6c",
    "hash": "9fd951da9c57fb02cf07645f27582e51849d42c9"
  },
  "/Users/diana.suvorova/Dev/baseui/src/popover/styled-components.js": {
    "path": "/Users/diana.suvorova/Dev/baseui/src/popover/styled-components.js",
    "statementMap": {
      "0": {
        "start": {"line": 18, "column": 20},
        "end": {"line": 18, "column": 68}
      },
      "1": {
        "start": {"line": 20, "column": 33},
        "end": {"line": 23, "column": 1}
      },
      "2": {
        "start": {"line": 25, "column": 31},
        "end": {"line": 28, "column": 1}
      },
      "3": {
        "start": {"line": 33, "column": 20},
        "end": {"line": 70, "column": 2}
      },
      "4": {
        "start": {"line": 42, "column": 6},
        "end": {"line": 42, "column": 11}
      },
      "5": {
        "start": {"line": 44, "column": 2},
        "end": {"line": 69, "column": 4}
      },
      "6": {
        "start": {"line": 75, "column": 21},
        "end": {"line": 86, "column": 2}
      },
      "7": {
        "start": {"line": 76, "column": 2},
        "end": {"line": 85, "column": 4}
      },
      "8": {
        "start": {"line": 94, "column": 21},
        "end": {"line": 101, "column": 3}
      },
      "9": {
        "start": {"line": 94, "column": 50},
        "end": {"line": 101, "column": 1}
      },
      "10": {
        "start": {"line": 108, "column": 23},
        "end": {"line": 110, "column": 2}
      }
    },
    "fnMap": {
      "0": {
        "name": "(anonymous_0)",
        "decl": {
          "start": {"line": 33, "column": 34},
          "end": {"line": 33, "column": 35}
        },
        "loc": {
          "start": {"line": 33, "column": 43},
          "end": {"line": 70, "column": 1}
        },
        "line": 33
      },
      "1": {
        "name": "(anonymous_1)",
        "decl": {
          "start": {"line": 75, "column": 35},
          "end": {"line": 75, "column": 36}
        },
        "loc": {
          "start": {"line": 75, "column": 44},
          "end": {"line": 86, "column": 1}
        },
        "line": 75
      },
      "2": {
        "name": "(anonymous_2)",
        "decl": {
          "start": {"line": 94, "column": 35},
          "end": {"line": 94, "column": 36}
        },
        "loc": {
          "start": {"line": 94, "column": 50},
          "end": {"line": 101, "column": 1}
        },
        "line": 94
      }
    },
    "branchMap": {
      "0": {
        "loc": {
          "start": {"line": 48, "column": 18},
          "end": {"line": 50, "column": 13}
        },
        "type": "cond-expr",
        "locations": [
          {
            "start": {"line": 49, "column": 8},
            "end": {"line": 49, "column": 32}
          },
          {
            "start": {"line": 50, "column": 8},
            "end": {"line": 50, "column": 13}
          }
        ],
        "line": 48
      },
      "1": {
        "loc": {
          "start": {"line": 56, "column": 6},
          "end": {"line": 56, "column": 43}
        },
        "type": "cond-expr",
        "locations": [
          {
            "start": {"line": 56, "column": 19},
            "end": {"line": 56, "column": 31}
          },
          {
            "start": {"line": 56, "column": 34},
            "end": {"line": 56, "column": 43}
          }
        ],
        "line": 56
      },
      "2": {
        "loc": {
          "start": {"line": 60, "column": 24},
          "end": {"line": 60, "column": 59}
        },
        "type": "cond-expr",
        "locations": [
          {
            "start": {"line": 60, "column": 39},
            "end": {"line": 60, "column": 48}
          },
          {
            "start": {"line": 60, "column": 51},
            "end": {"line": 60, "column": 59}
          }
        ],
        "line": 60
      },
      "3": {
        "loc": {
          "start": {"line": 63, "column": 12},
          "end": {"line": 63, "column": 71}
        },
        "type": "cond-expr",
        "locations": [
          {
            "start": {"line": 63, "column": 22},
            "end": {"line": 63, "column": 46}
          },
          {
            "start": {"line": 63, "column": 49},
            "end": {"line": 63, "column": 71}
          }
        ],
        "line": 63
      },
      "4": {
        "loc": {
          "start": {"line": 64, "column": 10},
          "end": {"line": 64, "column": 69}
        },
        "type": "cond-expr",
        "locations": [
          {
            "start": {"line": 64, "column": 20},
            "end": {"line": 64, "column": 42}
          },
          {
            "start": {"line": 64, "column": 45},
            "end": {"line": 64, "column": 69}
          }
        ],
        "line": 64
      },
      "5": {
        "loc": {
          "start": {"line": 96, "column": 16},
          "end": {"line": 98, "column": 11}
        },
        "type": "cond-expr",
        "locations": [
          {
            "start": {"line": 97, "column": 6},
            "end": {"line": 97, "column": 30}
          },
          {
            "start": {"line": 98, "column": 6},
            "end": {"line": 98, "column": 11}
          }
        ],
        "line": 96
      }
    },
    "s": {
      "0": 4,
      "1": 4,
      "2": 4,
      "3": 4,
      "4": 12,
      "5": 12,
      "6": 4,
      "7": 1,
      "8": 4,
      "9": 11,
      "10": 4
    },
    "f": {"0": 12, "1": 1, "2": 11},
    "b": {
      "0": [12, 0],
      "1": [2, 10],
      "2": [2, 10],
      "3": [11, 1],
      "4": [11, 1],
      "5": [11, 0]
    },
    "_coverageSchema": "332fd63041d2c1bcb487cc26dd0d5f7d97098a6c",
    "hash": "d936b788dc0cd61cc0e95628356a3e71664e0dcf"
  },
  "/Users/diana.suvorova/Dev/baseui/src/popover/utils.js": {
    "path": "/Users/diana.suvorova/Dev/baseui/src/popover/utils.js",
    "statementMap": {
      "0": {
        "start": {"line": 6, "column": 27},
        "end": {"line": 11, "column": 1}
      },
      "1": {
        "start": {"line": 21, "column": 2},
        "end": {"line": 21, "column": 38}
      },
      "2": {
        "start": {"line": 28, "column": 2},
        "end": {"line": 28, "column": 52}
      },
      "3": {
        "start": {"line": 38, "column": 2},
        "end": {"line": 40, "column": 40}
      },
      "4": {
        "start": {"line": 50, "column": 35},
        "end": {"line": 54, "column": 45}
      },
      "5": {
        "start": {"line": 55, "column": 2},
        "end": {"line": 55, "column": 45}
      },
      "6": {
        "start": {"line": 62, "column": 18},
        "end": {"line": 62, "column": 66}
      },
      "7": {
        "start": {"line": 63, "column": 2},
        "end": {"line": 66, "column": 31}
      },
      "8": {
        "start": {"line": 66, "column": 14},
        "end": {"line": 66, "column": 29}
      },
      "9": {
        "start": {"line": 75, "column": 37},
[...]
        },
        "line": 145
      }
    },
    "branchMap": {
      "0": {
        "loc": {
          "start": {"line": 55, "column": 9},
          "end": {"line": 55, "column": 44}
        },
        "type": "binary-expr",
        "locations": [
          {
            "start": {"line": 55, "column": 9},
            "end": {"line": 55, "column": 36}
          },
          {
            "start": {"line": 55, "column": 40},
            "end": {"line": 55, "column": 44}
          }
        ],
        "line": 55
      },
      "1": {
        "loc": {
          "start": {"line": 62, "column": 18},
          "end": {"line": 62, "column": 66}
        },
        "type": "binary-expr",
        "locations": [
          {
            "start": {"line": 62, "column": 18},
            "end": {"line": 62, "column": 60}
          },
          {
            "start": {"line": 62, "column": 64},
            "end": {"line": 62, "column": 66}
          }
        ],
        "line": 62
      },
      "2": {
        "loc": {
          "start": {"line": 74, "column": 45},
          "end": {"line": 74, "column": 74}
        },
        "type": "default-arg",
        "locations": [
          {
            "start": {"line": 74, "column": 72},
            "end": {"line": 74, "column": 74}
          }
        ],
        "line": 74
      },
      "3": {
        "loc": {
          "start": {"line": 79, "column": 12},
          "end": {"line": 79, "column": 27}
        },
        "type": "binary-expr",
        "locations": [
          {
            "start": {"line": 79, "column": 12},
            "end": {"line": 79, "column": 22}
          },
          {
            "start": {"line": 79, "column": 26},
            "end": {"line": 79, "column": 27}
          }
        ],
        "line": 79
      },
      "4": {
        "loc": {
          "start": {"line": 80, "column": 13},
          "end": {"line": 80, "column": 29}
        },
        "type": "binary-expr",
        "locations": [
          {
            "start": {"line": 80, "column": 13},
            "end": {"line": 80, "column": 24}
          },
          {
            "start": {"line": 80, "column": 28},
            "end": {"line": 80, "column": 29}
          }
        ],
        "line": 80
      },
      "5": {
        "loc": {
          "start": {"line": 94, "column": 2},
          "end": {"line": 96, "column": 3}
        },
        "type": "if",
        "locations": [
          {
            "start": {"line": 94, "column": 2},
            "end": {"line": 96, "column": 3}
          },
          {"start": {"line": 94, "column": 2}, "end": {"line": 96, "column": 3}}
        ],
        "line": 94
      },
      "6": {
        "loc": {
          "start": {"line": 94, "column": 6},
          "end": {"line": 94, "column": 38}
        },
        "type": "binary-expr",
        "locations": [
          {
            "start": {"line": 94, "column": 6},
            "end": {"line": 94, "column": 24}
          },
          {
            "start": {"line": 94, "column": 28},
            "end": {"line": 94, "column": 38}
          }
        ],
        "line": 94
      },
      "7": {
        "loc": {
          "start": {"line": 101, "column": 2},
          "end": {"line": 105, "column": 3}
        },
        "type": "if",
        "locations": [
          {
            "start": {"line": 101, "column": 2},
            "end": {"line": 105, "column": 3}
          },
          {
            "start": {"line": 101, "column": 2},
            "end": {"line": 105, "column": 3}
          }
        ],
        "line": 101
      },
      "8": {
        "loc": {
          "start": {"line": 101, "column": 6},
          "end": {"line": 101, "column": 49}
        },
        "type": "binary-expr",
        "locations": [
          {
            "start": {"line": 101, "column": 6},
            "end": {"line": 101, "column": 24}
          },
          {
            "start": {"line": 101, "column": 28},
            "end": {"line": 101, "column": 49}
          }
        ],
        "line": 101
      },
      "9": {
        "loc": {
          "start": {"line": 102, "column": 21},
          "end": {"line": 102, "column": 48}
        },
        "type": "binary-expr",
        "locations": [
          {
            "start": {"line": 102, "column": 21},
            "end": {"line": 102, "column": 43}
          },
          {
            "start": {"line": 102, "column": 47},
            "end": {"line": 102, "column": 48}
          }
        ],
        "line": 102
      },
      "10": {
        "loc": {
          "start": {"line": 104, "column": 20},
          "end": {"line": 104, "column": 46}
        },
        "type": "binary-expr",
        "locations": [
          {
            "start": {"line": 104, "column": 20},
            "end": {"line": 104, "column": 41}
          },
          {
            "start": {"line": 104, "column": 45},
            "end": {"line": 104, "column": 46}
          }
        ],
        "line": 104
      },
      "11": {
        "loc": {
          "start": {"line": 121, "column": 2},
          "end": {"line": 121, "column": 36}
        },
        "type": "default-arg",
        "locations": [
          {
            "start": {"line": 121, "column": 34},
            "end": {"line": 121, "column": 36}
          }
        ],
        "line": 121
      },
      "12": {
        "loc": {
          "start": {"line": 123, "column": 19},
          "end": {"line": 123, "column": 39}
        },
        "type": "default-arg",
        "locations": [
          {
            "start": {"line": 123, "column": 31},
            "end": {"line": 123, "column": 39}
          }
        ],
        "line": 123
      },
      "13": {
        "loc": {
          "start": {"line": 126, "column": 2},
          "end": {"line": 132, "column": 3}
        },
        "type": "if",
        "locations": [
          {
            "start": {"line": 126, "column": 2},
            "end": {"line": 132, "column": 3}
          },
          {
            "start": {"line": 126, "column": 2},
            "end": {"line": 132, "column": 3}
          }
        ],
        "line": 126
      },
      "14": {
        "loc": {
          "start": {"line": 126, "column": 6},
          "end": {"line": 126, "column": 49}
        },
        "type": "binary-expr",
        "locations": [
          {
            "start": {"line": 126, "column": 6},
            "end": {"line": 126, "column": 24}
          },
          {
            "start": {"line": 126, "column": 28},
            "end": {"line": 126, "column": 49}
          }
        ],
        "line": 126
      },
      "15": {
        "loc": {
          "start": {"line": 127, "column": 14},
          "end": {"line": 127, "column": 43}
        },
        "type": "binary-expr",
        "locations": [
          {
            "start": {"line": 127, "column": 14},
            "end": {"line": 127, "column": 30}
          },
          {
            "start": {"line": 127, "column": 34},
            "end": {"line": 127, "column": 43}
          }
        ],
        "line": 127
      },
      "16": {
        "loc": {
          "start": {"line": 131, "column": 14},
          "end": {"line": 131, "column": 42}
        },
        "type": "binary-expr",
        "locations": [
          {
            "start": {"line": 131, "column": 14},
            "end": {"line": 131, "column": 29}
          },
          {
            "start": {"line": 131, "column": 33},
            "end": {"line": 131, "column": 42}
          }
        ],
        "line": 131
      },
      "17": {
        "loc": {
          "start": {"line": 148, "column": 2},
          "end": {"line": 150, "column": 3}
        },
        "type": "if",
        "locations": [
          {
            "start": {"line": 148, "column": 2},
            "end": {"line": 150, "column": 3}
          },
          {
            "start": {"line": 148, "column": 2},
            "end": {"line": 150, "column": 3}
          }
        ],
        "line": 148
      },
      "18": {
        "loc": {
          "start": {"line": 153, "column": 19},
          "end": {"line": 153, "column": 58}
        },
        "type": "cond-expr",
        "locations": [
          {
            "start": {"line": 153, "column": 31},
            "end": {"line": 153, "column": 41}
          },
          {
            "start": {"line": 153, "column": 44},
            "end": {"line": 153, "column": 58}
          }
        ],
        "line": 153
      }
    },
    "s": {
      "0": 5,
      "1": 54,
      "2": 16,
      "3": 15,
      "4": 8,
      "5": 8,
      "6": 58,
      "7": 58,
      "8": 88,
      "9": 4,
      "10": 4,
      "11": 9,
      "12": 1,
      "13": 8,
      "14": 8,
      "15": 8,
      "16": 4,
      "17": 4,
      "18": 8,
      "19": 8,
      "20": 22,
      "21": 22,
      "22": 7,
      "23": 7,
      "24": 15,
      "25": 15,
      "26": 22,
      "27": 20,
      "28": 20,
      "29": 20,
      "30": 8,
      "31": 12,
      "32": 12
    },
    "f": {
      "0": 54,
      "1": 16,
      "2": 15,
      "3": 8,
      "4": 58,
      "5": 88,
      "6": 4,
      "7": 9,
      "8": 22,
      "9": 20
    },
    "b": {
      "0": [8, 1],
      "1": [58, 1],
      "2": [1],
      "3": [4, 2],
      "4": [4, 2],
      "5": [1, 8],
      "6": [9, 8],
      "7": [4, 4],
      "8": [8, 7],
      "9": [4, 1],
      "10": [4, 1],
      "11": [16],
      "12": [10],
      "13": [7, 15],
      "14": [22, 18],
      "15": [7, 3],
      "16": [15, 13],
      "17": [8, 12],
      "18": [6, 6]
    },
    "_coverageSchema": "332fd63041d2c1bcb487cc26dd0d5f7d97098a6c",
    "hash": "b37030c7fd445088e18d68ef20cdfbcb0962847a"
  },
  "/Users/diana.suvorova/Dev/baseui/src/styles/index.js": {
    "path": "/Users/diana.suvorova/Dev/baseui/src/styles/index.js",
    "statementMap": {},
    "fnMap": {},
    "branchMap": {},
    "s": {},
    "f": {},
    "b": {},
    "_coverageSchema": "332fd63041d2c1bcb487cc26dd0d5f7d97098a6c",
    "hash": "488260f722958580937e4b9b58f5fcdd14511b01"
  },
  "/Users/diana.suvorova/Dev/baseui/src/styles/styled.js": {
    "path": "/Users/diana.suvorova/Dev/baseui/src/styles/styled.js",
    "statementMap": {
      "0": {
        "start": {"line": 8, "column": 24},
        "end": {"line": 8, "column": 34}
      },
      "1": {
        "start": {"line": 8, "column": 31},
        "end": {"line": 8, "column": 33}
      },
      "2": {
        "start": {"line": 10, "column": 16},
        "end": {"line": 14, "column": 1}
      },
      "3": {
        "start": {"line": 10, "column": 35},
        "end": {"line": 14, "column": 1}
      },
      "4": {
        "start": {"line": 11, "column": 2},
        "end": {"line": 13, "column": 26}
      },
      "5": {
        "start": {"line": 12, "column": 14},
        "end": {"line": 12, "column": 59}
      }
    },
    "fnMap": {
      "0": {
        "name": "(anonymous_0)",
        "decl": {
          "start": {"line": 8, "column": 24},
          "end": {"line": 8, "column": 25}
        },
        "loc": {
          "start": {"line": 8, "column": 31},
          "end": {"line": 8, "column": 33}
        },
        "line": 8
      },
      "1": {
        "name": "(anonymous_1)",
        "decl": {
          "start": {"line": 10, "column": 16},
          "end": {"line": 10, "column": 17}
        },
        "loc": {
          "start": {"line": 10, "column": 35},
          "end": {"line": 14, "column": 1}
        },
        "line": 10
      },
      "2": {
        "name": "(anonymous_2)",
        "decl": {
          "start": {"line": 10, "column": 35},
          "end": {"line": 10, "column": 36}
        },
        "loc": {
          "start": {"line": 11, "column": 2},
          "end": {"line": 13, "column": 26}
        },
        "line": 11
      },
      "3": {
        "name": "(anonymous_3)",
        "decl": {
          "start": {"line": 12, "column": 5},
          "end": {"line": 12, "column": 6}
        },
        "loc": {
          "start": {"line": 12, "column": 14},
          "end": {"line": 12, "column": 59}
        },
        "line": 12
      }
    },
    "branchMap": {},
    "s": {"0": 2, "1": 2, "2": 2, "3": 2, "4": 2, "5": 2},
    "f": {"0": 2, "1": 2, "2": 2, "3": 2},
    "b": {},
    "_coverageSchema": "332fd63041d2c1bcb487cc26dd0d5f7d97098a6c",
    "hash": "a8863e6633cdd505c77d25dec22fa01b935bf70e"
  },
  "/Users/diana.suvorova/Dev/baseui/src/styles/theme-provider.js": {
    "path": "/Users/diana.suvorova/Dev/baseui/src/styles/theme-provider.js",
    "statementMap": {
      "0": {
        "start": {"line": 7, "column": 28},
        "end": {"line": 7, "column": 60}
      },
      "1": {
        "start": {"line": 9, "column": 22},
        "end": {"line": 14, "column": 1}
      },
      "2": {
        "start": {"line": 10, "column": 28},
        "end": {"line": 10, "column": 33}
      },
      "3": {
        "start": {"line": 11, "column": 2},
        "end": {"line": 13, "column": 4}
      }
    },
    "fnMap": {
      "0": {
        "name": "(anonymous_0)",
        "decl": {
          "start": {"line": 9, "column": 22},
          "end": {"line": 9, "column": 23}
        },
        "loc": {
          "start": {"line": 9, "column": 73},
          "end": {"line": 14, "column": 1}
        },
        "line": 9
      }
    },
    "branchMap": {},
    "s": {"0": 6, "1": 6, "2": 2, "3": 2},
    "f": {"0": 2},
    "b": {},
    "_coverageSchema": "332fd63041d2c1bcb487cc26dd0d5f7d97098a6c",
    "hash": "c247403cceb4038a8872e79c3ce5574991f42493"
  },
  "/Users/diana.suvorova/Dev/baseui/src/themes/index.js": {
    "path": "/Users/diana.suvorova/Dev/baseui/src/themes/index.js",
    "statementMap": {},
    "fnMap": {},
    "branchMap": {},
    "s": {},
    "f": {},
    "b": {},
    "_coverageSchema": "332fd63041d2c1bcb487cc26dd0d5f7d97098a6c",
    "hash": "d34d3edabc37f679a6caa6e166f71d700946e888"
  },
  "/Users/diana.suvorova/Dev/baseui/src/themes/light-theme.js": {
    "path": "/Users/diana.suvorova/Dev/baseui/src/themes/light-theme.js",
    "statementMap": {
      "0": {
        "start": {"line": 3, "column": 19},
        "end": {"line": 3, "column": 39}
      },
      "1": {
        "start": {"line": 4, "column": 19},
        "end": {"line": 4, "column": 39}
      },
      "2": {
        "start": {"line": 5, "column": 19},
        "end": {"line": 5, "column": 39}
      },
      "3": {
        "start": {"line": 6, "column": 19},
        "end": {"line": 6, "column": 39}
      },
      "4": {
        "start": {"line": 7, "column": 19},
        "end": {"line": 7, "column": 39}
      },
      "5": {
        "start": {"line": 8, "column": 16},
        "end": {"line": 8, "column": 34}
      },
      "6": {
        "start": {"line": 9, "column": 17},
        "end": {"line": 9, "column": 35}
      },
      "7": {
        "start": {"line": 10, "column": 17},
        "end": {"line": 10, "column": 35}
      },
      "8": {
        "start": {"line": 11, "column": 17},
        "end": {"line": 11, "column": 35}
      },
      "9": {
        "start": {"line": 12, "column": 17},
        "end": {"line": 12, "column": 35}
      },
      "10": {
        "start": {"line": 13, "column": 17},
        "end": {"line": 13, "column": 35}
      },
      "11": {
        "start": {"line": 14, "column": 19},
        "end": {"line": 14, "column": 38}
      },
      "12": {
        "start": {"line": 15, "column": 19},
        "end": {"line": 15, "column": 38}
      },
      "13": {
        "start": {"line": 16, "column": 19},
        "end": {"line": 16, "column": 38}
      },
      "14": {
        "start": {"line": 17, "column": 19},
        "end": {"line": 17, "column": 38}
      },
      "15": {
        "start": {"line": 18, "column": 19},
        "end": {"line": 18, "column": 38}
      },
      "16": {
        "start": {"line": 19, "column": 19},
        "end": {"line": 19, "column": 39}
      },
      "17": {
        "start": {"line": 20, "column": 19},
        "end": {"line": 20, "column": 39}
      },
      "18": {
        "start": {"line": 21, "column": 19},
        "end": {"line": 21, "column": 39}
      },
      "19": {
        "start": {"line": 22, "column": 19},
        "end": {"line": 22, "column": 39}
      },
      "20": {
        "start": {"line": 23, "column": 19},
        "end": {"line": 23, "column": 40}
      },
      "21": {
        "start": {"line": 24, "column": 16},
        "end": {"line": 24, "column": 34}
      },
      "22": {
        "start": {"line": 25, "column": 16},
        "end": {"line": 25, "column": 33}
      },
      "23": {
        "start": {"line": 26, "column": 16},
        "end": {"line": 26, "column": 33}
      },
      "24": {
        "start": {"line": 27, "column": 16},
        "end": {"line": 27, "column": 33}
      },
      "25": {
        "start": {"line": 28, "column": 16},
        "end": {"line": 28, "column": 33}
      },
      "26": {
        "start": {"line": 29, "column": 16},
        "end": {"line": 29, "column": 33}
      },
      "27": {
        "start": {"line": 30, "column": 16},
        "end": {"line": 30, "column": 33}
      },
      "28": {
        "start": {"line": 31, "column": 16},
        "end": {"line": 31, "column": 33}
      },
      "29": {
        "start": {"line": 32, "column": 16},
        "end": {"line": 32, "column": 33}
      },
      "30": {
        "start": {"line": 33, "column": 17},
        "end": {"line": 33, "column": 33}
      },
      "31": {
        "start": {"line": 36, "column": 26},
        "end": {"line": 36, "column": 63}
      }
    },
    "fnMap": {},
    "branchMap": {},
    "s": {
      "0": 6,
      "1": 6,
      "2": 6,
      "3": 6,
      "4": 6,
      "5": 6,
      "6": 6,
      "7": 6,
      "8": 6,
      "9": 6,
      "10": 6,
      "11": 6,
      "12": 6,
      "13": 6,
      "14": 6,
      "15": 6,
      "16": 6,
      "17": 6,
      "18": 6,
      "19": 6,
      "20": 6,
      "21": 6,
      "22": 6,
      "23": 6,
      "24": 6,
      "25": 6,
      "26": 6,
      "27": 6,
      "28": 6,
      "29": 6,
      "30": 6,
      "31": 6
    },
    "f": {},
    "b": {},
    "_coverageSchema": "332fd63041d2c1bcb487cc26dd0d5f7d97098a6c",
    "hash": "a386e028c522fe8c4b11e680713f4d8cae0f4c5d"
  },
  "/Users/diana.suvorova/Dev/baseui/src/utils/get-bui-id.js": {
    "path": "/Users/diana.suvorova/Dev/baseui/src/utils/get-bui-id.js",
    "statementMap": {
      "0": {
        "start": {"line": 25, "column": 9},
        "end": {"line": 25, "column": 10}
      },
      "1": {
        "start": {"line": 28, "column": 2},
        "end": {"line": 28, "column": 23}
      }
    },
    "fnMap": {
      "0": {
        "name": "getBuiId",
        "decl": {
          "start": {"line": 27, "column": 24},
          "end": {"line": 27, "column": 32}
        },
        "loc": {
          "start": {"line": 27, "column": 35},
          "end": {"line": 29, "column": 1}
        },
        "line": 27
      }
    },
    "branchMap": {},
    "s": {"0": 4, "1": 9},
    "f": {"0": 9},
    "b": {},
    "_coverageSchema": "332fd63041d2c1bcb487cc26dd0d5f7d97098a6c",
    "hash": "c67e891958b67ff1cb313a2cbc29f35c660c153e"
  },
  "/Users/diana.suvorova/Dev/baseui/src/utils/is-browser.js": {
    "path": "/Users/diana.suvorova/Dev/baseui/src/utils/is-browser.js",
    "statementMap": {},
    "fnMap": {},
    "branchMap": {
      "0": {
        "loc": {
          "start": {"line": 4, "column": 15},
          "end": {"line": 5, "column": 33}
        },
        "type": "binary-expr",
        "locations": [
          {
            "start": {"line": 4, "column": 15},
            "end": {"line": 4, "column": 46}
          },
          {"start": {"line": 5, "column": 2}, "end": {"line": 5, "column": 33}}
        ],
        "line": 4
      }
    },
    "s": {},
    "f": {},
    "b": {"0": [4, 4]},
    "_coverageSchema": "332fd63041d2c1bcb487cc26dd0d5f7d97098a6c",
    "hash": "7bd6599ff6832e51d8e67a0a9af727ce238ac589"
  }
}
