TN:
SF:/Users/diana.suvorova/Dev/baseui/src/button/index.js
FN:11,(anonymous_0)
FNF:1
FNH:1
FNDA:1,(anonymous_0)
DA:11,1
DA:12,1
DA:17,1
LF:3
LH:3
BRDA:13,0,0,1
BRDA:13,0,1,1
BRF:2
BRH:2
end_of_record
TN:
SF:/Users/diana.suvorova/Dev/baseui/src/popover/constants.js
FNF:0
FNH:0
DA:3,5
DA:5,5
DA:7,5
DA:23,5
DA:28,5
DA:33,5
LF:6
LH:6
BRF:0
BRH:0
end_of_record
TN:
SF:/Users/diana.suvorova/Dev/baseui/src/popover/default-props.js
FNF:0
FNH:0
DA:5,4
LF:1
LH:1
BRF:0
BRH:0
end_of_record
TN:
SF:/Users/diana.suvorova/Dev/baseui/src/popover/index.js
FNF:0
FNH:0
LF:0
LH:0
BRF:0
BRH:0
end_of_record
TN:
SF:/Users/diana.suvorova/Dev/baseui/src/popover/popover.js
FN:54,(anonymous_0)
FN:62,(anonymous_1)
FN:77,(anonymous_2)
FN:83,(anonymous_3)
FN:92,(anonymous_4)
FN:98,(anonymous_5)
FN:102,(anonymous_6)
FN:108,(anonymous_7)
FN:137,(anonymous_8)
FN:144,(anonymous_9)
FN:151,(anonymous_10)
FN:157,(anonymous_11)
FN:167,(anonymous_12)
FN:171,(anonymous_13)
FN:177,(anonymous_14)
FN:181,(anonymous_15)
FN:187,(anonymous_16)
FN:201,(anonymous_17)
FN:213,(anonymous_18)
FN:219,(anonymous_19)
FN:231,(anonymous_20)
FN:237,(anonymous_21)
FN:245,(anonymous_22)
FN:253,(anonymous_23)
FN:269,(anonymous_24)
FN:279,(anonymous_25)
FN:283,(anonymous_26)
FN:287,(anonymous_27)
FN:291,(anonymous_28)
FN:295,(anonymous_29)
FN:300,(anonymous_30)
FN:304,(anonymous_31)
FN:342,(anonymous_32)
FN:360,(anonymous_33)
FN:373,(anonymous_34)
FN:387,(anonymous_35)
FN:408,(anonymous_36)
FN:436,(anonymous_37)
FNF:38
FNH:33
FNDA:9,(anonymous_0)
FNDA:7,(anonymous_1)
FNDA:8,(anonymous_2)
FNDA:9,(anonymous_3)
FNDA:1,(anonymous_4)
FNDA:0,(anonymous_5)
FNDA:0,(anonymous_6)
FNDA:9,(anonymous_7)
FNDA:8,(anonymous_8)
FNDA:40,(anonymous_9)
FNDA:3,(anonymous_10)
FNDA:1,(anonymous_11)
FNDA:0,(anonymous_12)
FNDA:0,(anonymous_13)
FNDA:1,(anonymous_14)
FNDA:1,(anonymous_15)
FNDA:1,(anonymous_16)
FNDA:1,(anonymous_17)
FNDA:1,(anonymous_18)
FNDA:1,(anonymous_19)
FNDA:1,(anonymous_20)
FNDA:9,(anonymous_21)
FNDA:12,(anonymous_22)
FNDA:0,(anonymous_23)
FNDA:8,(anonymous_24)
FNDA:22,(anonymous_25)
FNDA:27,(anonymous_26)
FNDA:27,(anonymous_27)
FNDA:3,(anonymous_28)
FNDA:16,(anonymous_29)
FNDA:43,(anonymous_30)
FNDA:16,(anonymous_31)
FNDA:11,(anonymous_32)
FNDA:11,(anonymous_33)
FNDA:16,(anonymous_34)
FNDA:16,(anonymous_35)
FNDA:11,(anonymous_36)
FNDA:16,(anonymous_37)
DA:55,9
DA:56,4
DA:57,4
DA:59,9
DA:63,7
DA:64,5
DA:66,5
DA:67,5
DA:70,0
DA:71,0
DA:72,0
DA:78,8
DA:79,8
DA:80,8
DA:84,9
DA:93,1
DA:94,1
DA:99,0
DA:100,0
DA:102,0
DA:103,0
DA:109,9
DA:110,9
DA:138,8
DA:145,40
DA:146,3
DA:152,3
DA:153,3
DA:160,1
DA:161,0
DA:164,1
DA:168,0
DA:172,0
DA:173,0
DA:178,1
DA:182,1
DA:183,1
DA:188,1
DA:189,1
DA:196,1
DA:198,1
DA:202,1
DA:203,1
DA:204,1
DA:208,1
DA:210,0
DA:214,1
DA:215,1
DA:220,1
DA:221,1
DA:222,1
DA:226,1
DA:228,0
DA:232,1
DA:233,1
DA:238,9
DA:239,0
DA:241,9
DA:242,9
DA:246,12
DA:247,0
DA:249,12
DA:250,12
DA:254,0
DA:255,0
DA:256,0
DA:258,0
DA:259,0
DA:261,0
DA:262,0
DA:264,0
DA:265,0
DA:270,8
DA:271,8
DA:272,8
DA:274,8
DA:275,4
DA:280,22
DA:284,27
DA:288,27
DA:292,3
DA:296,16
DA:297,16
DA:301,43
DA:305,16
DA:307,16
DA:317,16
DA:318,16
DA:319,16
DA:320,14
DA:321,14
DA:322,14
DA:325,14
DA:326,2
DA:327,2
DA:328,2
DA:331,16
DA:332,7
DA:333,7
DA:336,7
DA:337,7
DA:339,16
DA:343,11
DA:345,11
DA:346,11
DA:347,10
DA:348,1
DA:349,1
DA:350,1
DA:352,11
DA:353,4
DA:354,4
DA:357,11
DA:361,11
DA:362,11
DA:363,11
DA:374,16
DA:375,16
DA:376,16
DA:378,0
DA:384,16
DA:388,16
DA:389,16
DA:390,0
DA:393,16
DA:395,16
DA:398,16
DA:400,16
DA:402,16
DA:403,8
DA:405,8
DA:409,11
DA:414,11
DA:416,11
DA:417,11
DA:419,11
DA:437,16
DA:440,16
DA:441,11
DA:443,16
LF:140
LH:114
BRDA:55,0,0,4
BRDA:55,0,1,5
BRDA:63,1,0,5
BRDA:63,1,1,2
BRDA:64,2,0,5
BRDA:64,2,1,0
BRDA:93,3,0,1
BRDA:93,3,1,0
BRDA:99,4,0,0
BRDA:99,4,1,0
BRDA:145,5,0,3
BRDA:145,5,1,37
BRDA:152,6,0,3
BRDA:152,6,1,0
BRDA:160,7,0,0
BRDA:160,7,1,1
BRDA:172,8,0,0
BRDA:172,8,1,0
BRDA:182,9,0,1
BRDA:182,9,1,0
BRDA:182,10,0,1
BRDA:182,10,1,1
BRDA:188,11,0,1
BRDA:188,11,1,0
BRDA:203,12,0,1
BRDA:203,12,1,0
BRDA:214,13,0,1
BRDA:214,13,1,0
BRDA:221,14,0,1
BRDA:221,14,1,0
BRDA:232,15,0,1
BRDA:232,15,1,0
BRDA:238,16,0,0
BRDA:238,16,1,9
BRDA:246,17,0,0
BRDA:246,17,1,12
BRDA:258,18,0,0
BRDA:258,18,1,0
BRDA:258,19,0,0
BRDA:258,19,1,0
BRDA:258,19,2,0
BRDA:261,20,0,0
BRDA:261,20,1,0
BRDA:261,21,0,0
BRDA:261,21,1,0
BRDA:261,21,2,0
BRDA:264,22,0,0
BRDA:264,22,1,0
BRDA:270,23,0,8
BRDA:270,23,1,0
BRDA:274,24,0,4
BRDA:274,24,1,4
BRDA:297,25,0,10
BRDA:297,25,1,6
BRDA:301,26,0,43
BRDA:301,26,1,28
BRDA:301,26,2,16
BRDA:319,27,0,14
BRDA:319,27,1,2
BRDA:321,28,0,10
BRDA:321,28,1,4
BRDA:322,29,0,9
BRDA:322,29,1,5
BRDA:325,30,0,10
BRDA:325,30,1,4
BRDA:326,31,0,2
BRDA:326,31,1,0
BRDA:328,32,0,1
BRDA:328,32,1,1
BRDA:331,33,0,7
BRDA:331,33,1,9
BRDA:346,34,0,10
BRDA:346,34,1,1
BRDA:348,35,0,1
BRDA:348,35,1,0
BRDA:352,36,0,4
BRDA:352,36,1,7
BRDA:376,37,0,0
BRDA:376,37,1,16
BRDA:389,38,0,0
BRDA:389,38,1,16
BRDA:395,39,0,16
BRDA:395,39,1,8
BRDA:398,40,0,1
BRDA:398,40,1,15
BRDA:398,41,0,16
BRDA:398,41,1,8
BRDA:402,42,0,8
BRDA:402,42,1,8
BRDA:402,43,0,16
BRDA:402,43,1,8
BRDA:409,44,0,0
BRDA:411,45,0,10
BRDA:412,46,0,10
BRDA:413,47,0,10
BRDA:426,48,0,1
BRDA:426,48,1,10
BRDA:430,49,0,0
BRDA:430,49,1,11
BRDA:440,50,0,11
BRDA:440,50,1,5
BRDA:440,51,0,16
BRDA:440,51,1,16
BRDA:440,51,2,5
BRF:104
BRH:69
end_of_record
TN:
SF:/Users/diana.suvorova/Dev/baseui/src/popover/stateful-container.js
FN:13,(anonymous_0)
FN:31,(anonymous_1)
FN:35,(anonymous_2)
FN:43,(anonymous_3)
FN:47,(anonymous_4)
FN:51,(anonymous_5)
FN:55,(anonymous_6)
FN:59,(anonymous_7)
FN:63,(anonymous_8)
FN:67,(anonymous_9)
FN:73,(anonymous_10)
FN:79,(anonymous_11)
FN:85,(anonymous_12)
FN:98,(anonymous_13)
FN:106,(anonymous_14)
FNF:15
FNH:15
FNDA:9,(anonymous_0)
FNDA:1,(anonymous_1)
FNDA:6,(anonymous_2)
FNDA:1,(anonymous_3)
FNDA:1,(anonymous_4)
FNDA:1,(anonymous_5)
FNDA:1,(anonymous_6)
FNDA:1,(anonymous_7)
FNDA:1,(anonymous_8)
FNDA:6,(anonymous_9)
FNDA:7,(anonymous_10)
FNDA:13,(anonymous_11)
FNDA:12,(anonymous_12)
FNDA:1,(anonymous_13)
FNDA:24,(anonymous_14)
DA:13,9
DA:32,1
DA:36,6
DA:37,2
DA:39,4
DA:44,1
DA:48,1
DA:52,1
DA:56,1
DA:60,1
DA:64,1
DA:68,6
DA:74,7
DA:80,13
DA:81,13
DA:82,1
DA:83,1
DA:85,12
DA:99,1
DA:100,1
DA:101,1
DA:103,0
DA:117,24
DA:119,24
DA:131,24
DA:132,23
DA:134,24
DA:135,23
DA:137,24
DA:138,7
DA:139,7
DA:140,7
DA:141,7
DA:143,17
DA:146,24
LF:35
LH:34
BRDA:36,0,0,2
BRDA:36,0,1,4
BRDA:81,1,0,1
BRDA:81,1,1,12
BRDA:100,2,0,1
BRDA:100,2,1,0
BRDA:131,3,0,23
BRDA:131,3,1,1
BRDA:134,4,0,23
BRDA:134,4,1,1
BRDA:137,5,0,7
BRDA:137,5,1,17
BRF:12
BRH:11
end_of_record
TN:
SF:/Users/diana.suvorova/Dev/baseui/src/popover/stateful-popover.js
FN:7,StatefulPopover
FN:11,(anonymous_1)
FNF:2
FNH:2
FNDA:1,StatefulPopover
FNDA:1,(anonymous_1)
DA:8,1
DA:9,1
DA:11,1
DA:16,4
LF:4
LH:4
BRF:0
BRH:0
end_of_record
TN:
SF:/Users/diana.suvorova/Dev/baseui/src/popover/styled-components.js
FN:33,(anonymous_0)
FN:75,(anonymous_1)
FN:94,(anonymous_2)
FNF:3
FNH:3
FNDA:12,(anonymous_0)
FNDA:1,(anonymous_1)
FNDA:11,(anonymous_2)
DA:18,4
DA:20,4
DA:25,4
DA:33,4
DA:42,12
DA:44,12
DA:75,4
DA:76,1
DA:94,11
DA:108,4
LF:10
LH:10
BRDA:48,0,0,12
BRDA:48,0,1,0
BRDA:56,1,0,2
BRDA:56,1,1,10
BRDA:60,2,0,2
BRDA:60,2,1,10
BRDA:63,3,0,11
BRDA:63,3,1,1
BRDA:64,4,0,11
BRDA:64,4,1,1
BRDA:96,5,0,11
BRDA:96,5,1,0
BRF:12
BRH:10
end_of_record
TN:
SF:/Users/diana.suvorova/Dev/baseui/src/popover/utils.js
FN:20,getOppositePosition
FN:27,capitalize
FN:37,toPopperPlacement
FN:47,fromPopperPlacement
FN:61,splitPlacement
FN:66,(anonymous_5)
FN:74,preparePopoverPositionStyles
FN:90,prepareArrowPositionStyles
FN:119,getTransformOrigin
FN:142,getPopoverMarginStyles
FNF:10
FNH:10
FNDA:54,getOppositePosition
FNDA:16,capitalize
FNDA:15,toPopperPlacement
FNDA:8,fromPopperPlacement
FNDA:58,splitPlacement
FNDA:88,(anonymous_5)
FNDA:4,preparePopoverPositionStyles
FNDA:9,prepareArrowPositionStyles
FNDA:22,getTransformOrigin
FNDA:20,getPopoverMarginStyles
DA:6,5
DA:21,54
DA:28,16
DA:38,15
DA:50,8
DA:55,8
DA:62,58
DA:63,58
DA:66,88
DA:75,4
DA:76,4
DA:94,9
DA:95,1
DA:97,8
DA:98,8
DA:101,8
DA:102,4
DA:104,4
DA:108,8
DA:110,8
DA:123,22
DA:126,22
DA:127,7
DA:128,7
DA:130,15
DA:131,15
DA:133,22
DA:146,20
DA:147,20
DA:148,20
DA:149,8
DA:151,12
DA:152,12
LF:33
LH:33
BRDA:55,0,0,8
BRDA:55,0,1,1
BRDA:62,1,0,58
BRDA:62,1,1,1
BRDA:74,2,0,1
BRDA:79,3,0,4
BRDA:79,3,1,2
BRDA:80,4,0,4
BRDA:80,4,1,2
BRDA:94,5,0,1
BRDA:94,5,1,8
BRDA:94,6,0,9
BRDA:94,6,1,8
BRDA:101,7,0,4
BRDA:101,7,1,4
BRDA:101,8,0,8
BRDA:101,8,1,7
BRDA:102,9,0,4
BRDA:102,9,1,1
BRDA:104,10,0,4
BRDA:104,10,1,1
BRDA:121,11,0,16
BRDA:123,12,0,10
BRDA:126,13,0,7
BRDA:126,13,1,15
BRDA:126,14,0,22
BRDA:126,14,1,18
BRDA:127,15,0,7
BRDA:127,15,1,3
BRDA:131,16,0,15
BRDA:131,16,1,13
BRDA:148,17,0,8
BRDA:148,17,1,12
BRDA:153,18,0,6
BRDA:153,18,1,6
BRF:35
BRH:35
end_of_record
TN:
SF:/Users/diana.suvorova/Dev/baseui/src/styles/index.js
FNF:0
FNH:0
LF:0
LH:0
BRF:0
BRH:0
end_of_record
TN:
SF:/Users/diana.suvorova/Dev/baseui/src/styles/styled.js
FN:8,(anonymous_0)
FN:10,(anonymous_1)
FN:10,(anonymous_2)
FN:12,(anonymous_3)
FNF:4
FNH:4
FNDA:2,(anonymous_0)
FNDA:2,(anonymous_1)
FNDA:2,(anonymous_2)
FNDA:2,(anonymous_3)
DA:8,2
DA:10,2
DA:11,2
DA:12,2
LF:4
LH:4
BRF:0
BRH:0
end_of_record
TN:
SF:/Users/diana.suvorova/Dev/baseui/src/styles/theme-provider.js
FN:9,(anonymous_0)
FNF:1
FNH:1
FNDA:2,(anonymous_0)
DA:7,6
DA:9,6
DA:10,2
DA:11,2
LF:4
LH:4
BRF:0
BRH:0
end_of_record
TN:
SF:/Users/diana.suvorova/Dev/baseui/src/themes/index.js
FNF:0
FNH:0
LF:0
LH:0
BRF:0
BRH:0
end_of_record
TN:
SF:/Users/diana.suvorova/Dev/baseui/src/themes/light-theme.js
FNF:0
FNH:0
DA:3,6
DA:4,6
DA:5,6
DA:6,6
DA:7,6
DA:8,6
DA:9,6
DA:10,6
DA:11,6
DA:12,6
DA:13,6
DA:14,6
DA:15,6
DA:16,6
DA:17,6
DA:18,6
DA:19,6
DA:20,6
DA:21,6
DA:22,6
DA:23,6
DA:24,6
DA:25,6
DA:26,6
DA:27,6
DA:28,6
DA:29,6
DA:30,6
DA:31,6
DA:32,6
DA:33,6
DA:36,6
LF:32
LH:32
BRF:0
BRH:0
end_of_record
TN:
SF:/Users/diana.suvorova/Dev/baseui/src/utils/get-bui-id.js
FN:27,getBuiId
FNF:1
FNH:1
FNDA:9,getBuiId
DA:25,4
DA:28,9
LF:2
LH:2
BRF:0
BRH:0
end_of_record
TN:
SF:/Users/diana.suvorova/Dev/baseui/src/utils/is-browser.js
FNF:0
FNH:0
LF:0
LH:0
BRDA:4,0,0,4
BRDA:4,0,1,4
BRF:2
BRH:2
end_of_record
