{
  "/Users/diana.suvorova/Dev/baseui/src/button/index.js": {
    "path": "/Users/diana.suvorova/Dev/baseui/src/button/index.js",
    "statementMap": {
      "0": {
        "start": {"line": 10, "column": 2},
        "end": {"line": 10, "column": 52}
      }
    },
    "fnMap": {
      "0": {
        "name": "(anonymous_0)",
        "decl": {
          "start": {"line": 9, "column": 15},
          "end": {"line": 9, "column": 16}
        },
        "loc": {
          "start": {"line": 10, "column": 2},
          "end": {"line": 10, "column": 52}
        },
        "line": 10
      }
    },
    "branchMap": {},
    "s": {"0": 1},
    "f": {"0": 1},
    "b": {},
    "_coverageSchema": "332fd63041d2c1bcb487cc26dd0d5f7d97098a6c",
    "hash": "4305ae94bab234657b215d5fe0a85040abca0885"
  }
}
